#! /usr/bin/vvp
:ivl_version "10.3 (stable)";
:ivl_delay_selection "TYPICAL";
:vpi_time_precision + 0;
:vpi_module "system";
:vpi_module "vhdl_sys";
:vpi_module "v2005_math";
:vpi_module "va_math";
S_0x5646d2887160 .scope module, "oneto8demux" "oneto8demux" 2 1;
 .timescale 0 0;
    .port_info 0 /INPUT 1 "a"
    .port_info 1 /INPUT 3 "sel"
    .port_info 2 /OUTPUT 8 "out"
o0x7fbd6ccfd018 .functor BUFZ 1, C4<z>; HiZ drive
v0x5646d2887370_0 .net "a", 0 0, o0x7fbd6ccfd018;  0 drivers
v0x5646d28c9a30_0 .var "out", 7 0;
o0x7fbd6ccfd078 .functor BUFZ 3, C4<zzz>; HiZ drive
v0x5646d28c9b10_0 .net "sel", 2 0, o0x7fbd6ccfd078;  0 drivers
E_0x5646d28bc650 .event edge, v0x5646d28c9b10_0, v0x5646d2887370_0;
    .scope S_0x5646d2887160;
T_0 ;
    %wait E_0x5646d28bc650;
    %pushi/vec4 0, 0, 8;
    %store/vec4 v0x5646d28c9a30_0, 0, 8;
    %load/vec4 v0x5646d2887370_0;
    %ix/getv 4, v0x5646d28c9b10_0;
    %store/vec4 v0x5646d28c9a30_0, 4, 1;
    %jmp T_0;
    .thread T_0, $push;
# The file index is used to find the file name in the following table.
:file_names 3;
    "N/A";
    "<interactive>";
    "oneto8demux.v";
