#! /usr/bin/vvp
:ivl_version "10.3 (stable)";
:ivl_delay_selection "TYPICAL";
:vpi_time_precision + 0;
:vpi_module "system";
:vpi_module "vhdl_sys";
:vpi_module "v2005_math";
:vpi_module "va_math";
S_0x55d5d16bb160 .scope module, "testbench" "testbench" 2 1;
 .timescale 0 0;
v0x55d5d1702db0_0 .var "in", 1 0;
v0x55d5d1702e70_0 .net "out", 3 0, v0x55d5d1702c70_0;  1 drivers
S_0x55d5d16f1830 .scope module, "t1" "twotofour" 2 5, 3 1 0, S_0x55d5d16bb160;
 .timescale 0 0;
    .port_info 0 /INPUT 2 "in"
    .port_info 1 /OUTPUT 4 "out"
v0x55d5d16f1a20_0 .net "in", 1 0, v0x55d5d1702db0_0;  1 drivers
v0x55d5d1702c70_0 .var "out", 3 0;
E_0x55d5d16f1e80 .event edge, v0x55d5d16f1a20_0;
    .scope S_0x55d5d16f1830;
T_0 ;
    %wait E_0x55d5d16f1e80;
    %load/vec4 v0x55d5d16f1a20_0;
    %cmpi/e 0, 0, 2;
    %jmp/0xz  T_0.0, 4;
    %pushi/vec4 1, 0, 4;
    %store/vec4 v0x55d5d1702c70_0, 0, 4;
    %jmp T_0.1;
T_0.0 ;
    %load/vec4 v0x55d5d16f1a20_0;
    %cmpi/e 1, 0, 2;
    %jmp/0xz  T_0.2, 4;
    %pushi/vec4 2, 0, 4;
    %store/vec4 v0x55d5d1702c70_0, 0, 4;
    %jmp T_0.3;
T_0.2 ;
    %load/vec4 v0x55d5d16f1a20_0;
    %cmpi/e 2, 0, 2;
    %jmp/0xz  T_0.4, 4;
    %pushi/vec4 4, 0, 4;
    %store/vec4 v0x55d5d1702c70_0, 0, 4;
    %jmp T_0.5;
T_0.4 ;
    %load/vec4 v0x55d5d16f1a20_0;
    %cmpi/e 3, 0, 2;
    %jmp/0xz  T_0.6, 4;
    %pushi/vec4 8, 0, 4;
    %store/vec4 v0x55d5d1702c70_0, 0, 4;
    %jmp T_0.7;
T_0.6 ;
    %pushi/vec4 0, 15, 4;
    %store/vec4 v0x55d5d1702c70_0, 0, 4;
T_0.7 ;
T_0.5 ;
T_0.3 ;
T_0.1 ;
    %jmp T_0;
    .thread T_0, $push;
    .scope S_0x55d5d16bb160;
T_1 ;
    %vpi_call 2 9 "$dumpfile", "waveform.vcd" {0 0 0};
    %vpi_call 2 10 "$dumpvars", 32'sb00000000000000000000000000000000, S_0x55d5d16bb160 {0 0 0};
    %vpi_call 2 11 "$monitor", $time, "in=%b,out=%b", v0x55d5d1702db0_0, v0x55d5d1702e70_0 {0 0 0};
    %delay 0, 0;
    %pushi/vec4 0, 0, 2;
    %store/vec4 v0x55d5d1702db0_0, 0, 2;
    %delay 2, 0;
    %pushi/vec4 1, 0, 2;
    %store/vec4 v0x55d5d1702db0_0, 0, 2;
    %delay 4, 0;
    %pushi/vec4 2, 0, 2;
    %store/vec4 v0x55d5d1702db0_0, 0, 2;
    %delay 6, 0;
    %pushi/vec4 3, 0, 2;
    %store/vec4 v0x55d5d1702db0_0, 0, 2;
    %delay 8, 0;
    %pushi/vec4 0, 3, 2;
    %store/vec4 v0x55d5d1702db0_0, 0, 2;
    %delay 2, 0;
    %vpi_call 2 19 "$finish" {0 0 0};
    %end;
    .thread T_1;
# The file index is used to find the file name in the following table.
:file_names 4;
    "N/A";
    "<interactive>";
    "testbench.v";
    "twotofour.v";
