#! /usr/bin/vvp
:ivl_version "10.3 (stable)";
:ivl_delay_selection "TYPICAL";
:vpi_time_precision + 0;
:vpi_module "system";
:vpi_module "vhdl_sys";
:vpi_module "v2005_math";
:vpi_module "va_math";
S_0x55fee2e34d50 .scope module, "riscv_rv32i_cpu" "riscv_rv32i_cpu" 2 4;
 .timescale 0 0;
    .port_info 0 /INPUT 1 "clk"
    .port_info 1 /INPUT 1 "clrn"
    .port_info 2 /OUTPUT 32 "pc"
    .port_info 3 /INPUT 32 "inst"
    .port_info 4 /OUTPUT 32 "m_addr"
    .port_info 5 /INPUT 32 "d_f_mem"
    .port_info 6 /OUTPUT 32 "d_t_mem"
    .port_info 7 /OUTPUT 4 "write"
    .port_info 8 /OUTPUT 1 "io_rdn"
    .port_info 9 /OUTPUT 1 "io_wrn"
    .port_info 10 /OUTPUT 1 "rvram"
    .port_info 11 /OUTPUT 4 "wvram"
    .port_info 12 /OUTPUT 1 "read"
L_0x55fee2e35990 .functor AND 1, L_0x55fee2f01020, L_0x55fee2f01110, C4<1>, C4<1>;
L_0x55fee2f01600 .functor AND 1, L_0x55fee2f01330, L_0x55fee2f013d0, C4<1>, C4<1>;
L_0x55fee2f01a80 .functor AND 1, L_0x55fee2f01710, L_0x55fee2f01800, C4<1>, C4<1>;
L_0x55fee2f01ed0 .functor AND 1, L_0x55fee2f01b90, L_0x55fee2f01c80, C4<1>, C4<1>;
L_0x55fee2f02360 .functor AND 1, L_0x55fee2f01fe0, L_0x55fee2f020d0, C4<1>, C4<1>;
L_0x55fee2f02800 .functor AND 1, L_0x55fee2f02470, L_0x55fee2f02560, C4<1>, C4<1>;
L_0x55fee2f02cc0 .functor AND 1, L_0x55fee2f02950, L_0x55fee2f02a40, C4<1>, C4<1>;
L_0x55fee2f03180 .functor AND 1, L_0x55fee2f02dd0, L_0x55fee2f02ec0, C4<1>, C4<1>;
L_0x55fee2f036a0 .functor AND 1, L_0x55fee2f032e0, L_0x55fee2f033d0, C4<1>, C4<1>;
L_0x55fee2f03b80 .functor AND 1, L_0x55fee2f037b0, L_0x55fee2f038a0, C4<1>, C4<1>;
L_0x55fee2f04080 .functor AND 1, L_0x55fee2f03cf0, L_0x55fee2f03d90, C4<1>, C4<1>;
L_0x55fee2f04580 .functor AND 1, L_0x55fee2f04190, L_0x55fee2f04280, C4<1>, C4<1>;
L_0x55fee2f04d10 .functor AND 1, L_0x55fee2f04700, L_0x55fee2f04a00, C4<1>, C4<1>;
L_0x55fee2f05200 .functor AND 1, L_0x55fee2f04e20, L_0x55fee2f04f10, C4<1>, C4<1>;
L_0x55fee2f04690 .functor AND 1, L_0x55fee2f05390, L_0x55fee2f05480, C4<1>, C4<1>;
L_0x55fee2f05e90 .functor AND 1, L_0x55fee2f05a60, L_0x55fee2f05b50, C4<1>, C4<1>;
L_0x55fee2f06470 .functor AND 1, L_0x55fee2f06030, L_0x55fee2f06120, C4<1>, C4<1>;
L_0x55fee2f069d0 .functor AND 1, L_0x55fee2f06580, L_0x55fee2f06670, C4<1>, C4<1>;
L_0x55fee2f06fe0 .functor AND 1, L_0x55fee2f06b80, L_0x55fee2f06c70, C4<1>, C4<1>;
L_0x55fee2f07560 .functor AND 1, L_0x55fee2f070f0, L_0x55fee2f071e0, C4<1>, C4<1>;
L_0x55fee2f07b00 .functor AND 1, L_0x55fee2f06ae0, L_0x55fee2f07770, C4<1>, C4<1>;
L_0x55fee2f080a0 .functor AND 1, L_0x55fee2f07c10, L_0x55fee2f07d00, C4<1>, C4<1>;
L_0x55fee2f08710 .functor AND 1, L_0x55fee2f08270, L_0x55fee2f08360, C4<1>, C4<1>;
L_0x55fee2f08960 .functor AND 1, L_0x55fee2f08710, L_0x55fee2f08820, C4<1>, C4<1>;
L_0x55fee2f08fc0 .functor AND 1, L_0x55fee2f08b40, L_0x55fee2f08ed0, C4<1>, C4<1>;
L_0x55fee2f09470 .functor AND 1, L_0x55fee2f08fc0, L_0x55fee2f090d0, C4<1>, C4<1>;
L_0x55fee2f09b30 .functor AND 1, L_0x55fee2f09660, L_0x55fee2f09750, C4<1>, C4<1>;
L_0x55fee2f09ce0 .functor AND 1, L_0x55fee2f09b30, L_0x55fee2f09c40, C4<1>, C4<1>;
L_0x55fee2f0a3c0 .functor AND 1, L_0x55fee2f09ee0, L_0x55fee2f0a2a0, C4<1>, C4<1>;
L_0x55fee2f0a8a0 .functor AND 1, L_0x55fee2f0a3c0, L_0x55fee2f0a4d0, C4<1>, C4<1>;
L_0x55fee2f0afb0 .functor AND 1, L_0x55fee2f0aab0, L_0x55fee2f0aba0, C4<1>, C4<1>;
L_0x55fee2f0b1b0 .functor AND 1, L_0x55fee2f0afb0, L_0x55fee2f0b0c0, C4<1>, C4<1>;
L_0x55fee2f0bcc0 .functor AND 1, L_0x55fee2f0b3d0, L_0x55fee2f0bbd0, C4<1>, C4<1>;
L_0x55fee2f0c200 .functor AND 1, L_0x55fee2f0bcc0, L_0x55fee2f0bdd0, C4<1>, C4<1>;
L_0x55fee2f0c960 .functor AND 1, L_0x55fee2f0c430, L_0x55fee2f0c520, C4<1>, C4<1>;
L_0x55fee2f0cb60 .functor AND 1, L_0x55fee2f0c960, L_0x55fee2f0ca70, C4<1>, C4<1>;
L_0x55fee2f0d1c0 .functor AND 1, L_0x55fee2f0c310, L_0x55fee2f0d0d0, C4<1>, C4<1>;
L_0x55fee2f0d700 .functor AND 1, L_0x55fee2f0d1c0, L_0x55fee2f0d2d0, C4<1>, C4<1>;
L_0x55fee2f0e2c0 .functor AND 1, L_0x55fee2f0d950, L_0x55fee2f0da40, C4<1>, C4<1>;
L_0x55fee2f0e4c0 .functor AND 1, L_0x55fee2f0e2c0, L_0x55fee2f0e3d0, C4<1>, C4<1>;
L_0x55fee2f0ec90 .functor AND 1, L_0x55fee2f0e720, L_0x55fee2f0eb70, C4<1>, C4<1>;
L_0x55fee2f0f200 .functor AND 1, L_0x55fee2f0ec90, L_0x55fee2f0eda0, C4<1>, C4<1>;
L_0x55fee2f0fa00 .functor AND 1, L_0x55fee2f0f470, L_0x55fee2f0f560, C4<1>, C4<1>;
L_0x55fee2f0fc00 .functor AND 1, L_0x55fee2f0fa00, L_0x55fee2f0fb10, C4<1>, C4<1>;
L_0x55fee2f10420 .functor AND 1, L_0x55fee2f0fe80, L_0x55fee2f10300, C4<1>, C4<1>;
L_0x55fee2f109c0 .functor AND 1, L_0x55fee2f10420, L_0x55fee2f10530, C4<1>, C4<1>;
L_0x55fee2f11210 .functor AND 1, L_0x55fee2f10c50, L_0x55fee2f10d40, C4<1>, C4<1>;
L_0x55fee2f11410 .functor AND 1, L_0x55fee2f11210, L_0x55fee2f11320, C4<1>, C4<1>;
L_0x55fee2f116b0 .functor OR 1, L_0x55fee2f03b80, L_0x55fee2f03180, C4<0>, C4<0>;
L_0x55fee2f117c0 .functor OR 1, L_0x55fee2f116b0, L_0x55fee2f04080, C4<0>, C4<0>;
L_0x55fee2f11a70 .functor OR 1, L_0x55fee2f117c0, L_0x55fee2f036a0, C4<0>, C4<0>;
L_0x55fee2f11b80 .functor OR 1, L_0x55fee2f11a70, L_0x55fee2f04580, C4<0>, C4<0>;
L_0x55fee2f11e40 .functor OR 1, L_0x55fee2f11b80, L_0x55fee2f080a0, C4<0>, C4<0>;
L_0x55fee2f13060 .functor AND 1, L_0x55fee2f14aa0, L_0x55fee2f14b90, C4<1>, C4<1>;
L_0x55fee2f14890 .functor NOT 1, L_0x55fee2f147f0, C4<0>, C4<0>, C4<0>;
L_0x55fee2f14900 .functor AND 1, L_0x55fee2f13060, L_0x55fee2f14890, C4<1>, C4<1>;
L_0x55fee2f152d0 .functor NOT 1, L_0x55fee2f14900, C4<0>, C4<0>, C4<0>;
L_0x55fee2f14c30 .functor AND 4, v0x55fee2eed680_0, L_0x55fee2f15390, C4<1111>, C4<1111>;
L_0x55fee2f14e80 .functor NOT 1, L_0x55fee2f14900, C4<0>, C4<0>, C4<0>;
L_0x55fee2f14ef0 .functor AND 1, v0x55fee2eece40_0, L_0x55fee2f14e80, C4<1>, C4<1>;
L_0x55fee2f15ab0 .functor AND 4, v0x55fee2eed680_0, L_0x55fee2f14fb0, C4<1111>, C4<1111>;
L_0x55fee2f15ba0 .functor AND 1, v0x55fee2eece40_0, L_0x55fee2f14900, C4<1>, C4<1>;
L_0x7f1a20163018 .functor BUFT 1, C4<00000000000000000000000000000100>, C4<0>, C4<0>, C4<0>;
v0x55fee2e2b340_0 .net/2u *"_s0", 31 0, L_0x7f1a20163018;  1 drivers
L_0x7f1a20163330 .functor BUFT 1, C4<1100011>, C4<0>, C4<0>, C4<0>;
v0x55fee2edc560_0 .net/2u *"_s102", 6 0, L_0x7f1a20163330;  1 drivers
v0x55fee2edc640_0 .net *"_s104", 0 0, L_0x55fee2f01710;  1 drivers
L_0x7f1a20163378 .functor BUFT 1, C4<001>, C4<0>, C4<0>, C4<0>;
v0x55fee2edc6e0_0 .net/2u *"_s106", 2 0, L_0x7f1a20163378;  1 drivers
v0x55fee2edc7c0_0 .net *"_s108", 0 0, L_0x55fee2f01800;  1 drivers
L_0x7f1a201633c0 .functor BUFT 1, C4<1100011>, C4<0>, C4<0>, C4<0>;
v0x55fee2edc8d0_0 .net/2u *"_s112", 6 0, L_0x7f1a201633c0;  1 drivers
v0x55fee2edc9b0_0 .net *"_s114", 0 0, L_0x55fee2f01b90;  1 drivers
L_0x7f1a20163408 .functor BUFT 1, C4<100>, C4<0>, C4<0>, C4<0>;
v0x55fee2edca70_0 .net/2u *"_s116", 2 0, L_0x7f1a20163408;  1 drivers
v0x55fee2edcb50_0 .net *"_s118", 0 0, L_0x55fee2f01c80;  1 drivers
L_0x7f1a20163450 .functor BUFT 1, C4<1100011>, C4<0>, C4<0>, C4<0>;
v0x55fee2edcc10_0 .net/2u *"_s122", 6 0, L_0x7f1a20163450;  1 drivers
v0x55fee2edccf0_0 .net *"_s124", 0 0, L_0x55fee2f01fe0;  1 drivers
L_0x7f1a20163498 .functor BUFT 1, C4<101>, C4<0>, C4<0>, C4<0>;
v0x55fee2edcdb0_0 .net/2u *"_s126", 2 0, L_0x7f1a20163498;  1 drivers
v0x55fee2edce90_0 .net *"_s128", 0 0, L_0x55fee2f020d0;  1 drivers
L_0x7f1a201634e0 .functor BUFT 1, C4<1100011>, C4<0>, C4<0>, C4<0>;
v0x55fee2edcf50_0 .net/2u *"_s132", 6 0, L_0x7f1a201634e0;  1 drivers
v0x55fee2edd030_0 .net *"_s134", 0 0, L_0x55fee2f02470;  1 drivers
L_0x7f1a20163528 .functor BUFT 1, C4<110>, C4<0>, C4<0>, C4<0>;
v0x55fee2edd0f0_0 .net/2u *"_s136", 2 0, L_0x7f1a20163528;  1 drivers
v0x55fee2edd1d0_0 .net *"_s138", 0 0, L_0x55fee2f02560;  1 drivers
L_0x7f1a20163570 .functor BUFT 1, C4<1100011>, C4<0>, C4<0>, C4<0>;
v0x55fee2edd290_0 .net/2u *"_s142", 6 0, L_0x7f1a20163570;  1 drivers
v0x55fee2edd370_0 .net *"_s144", 0 0, L_0x55fee2f02950;  1 drivers
L_0x7f1a201635b8 .functor BUFT 1, C4<111>, C4<0>, C4<0>, C4<0>;
v0x55fee2edd430_0 .net/2u *"_s146", 2 0, L_0x7f1a201635b8;  1 drivers
v0x55fee2edd510_0 .net *"_s148", 0 0, L_0x55fee2f02a40;  1 drivers
L_0x7f1a20163600 .functor BUFT 1, C4<0000011>, C4<0>, C4<0>, C4<0>;
v0x55fee2edd5d0_0 .net/2u *"_s152", 6 0, L_0x7f1a20163600;  1 drivers
v0x55fee2edd6b0_0 .net *"_s154", 0 0, L_0x55fee2f02dd0;  1 drivers
L_0x7f1a20163648 .functor BUFT 1, C4<000>, C4<0>, C4<0>, C4<0>;
v0x55fee2edd770_0 .net/2u *"_s156", 2 0, L_0x7f1a20163648;  1 drivers
v0x55fee2edd850_0 .net *"_s158", 0 0, L_0x55fee2f02ec0;  1 drivers
L_0x7f1a20163690 .functor BUFT 1, C4<0000011>, C4<0>, C4<0>, C4<0>;
v0x55fee2edd910_0 .net/2u *"_s162", 6 0, L_0x7f1a20163690;  1 drivers
v0x55fee2edd9f0_0 .net *"_s164", 0 0, L_0x55fee2f032e0;  1 drivers
L_0x7f1a201636d8 .functor BUFT 1, C4<001>, C4<0>, C4<0>, C4<0>;
v0x55fee2eddab0_0 .net/2u *"_s166", 2 0, L_0x7f1a201636d8;  1 drivers
v0x55fee2eddb90_0 .net *"_s168", 0 0, L_0x55fee2f033d0;  1 drivers
L_0x7f1a20163720 .functor BUFT 1, C4<0000011>, C4<0>, C4<0>, C4<0>;
v0x55fee2eddc50_0 .net/2u *"_s172", 6 0, L_0x7f1a20163720;  1 drivers
v0x55fee2eddd30_0 .net *"_s174", 0 0, L_0x55fee2f037b0;  1 drivers
L_0x7f1a20163768 .functor BUFT 1, C4<010>, C4<0>, C4<0>, C4<0>;
v0x55fee2edddf0_0 .net/2u *"_s176", 2 0, L_0x7f1a20163768;  1 drivers
v0x55fee2edded0_0 .net *"_s178", 0 0, L_0x55fee2f038a0;  1 drivers
L_0x7f1a201637b0 .functor BUFT 1, C4<0000011>, C4<0>, C4<0>, C4<0>;
v0x55fee2eddf90_0 .net/2u *"_s182", 6 0, L_0x7f1a201637b0;  1 drivers
v0x55fee2ede070_0 .net *"_s184", 0 0, L_0x55fee2f03cf0;  1 drivers
L_0x7f1a201637f8 .functor BUFT 1, C4<100>, C4<0>, C4<0>, C4<0>;
v0x55fee2ede130_0 .net/2u *"_s186", 2 0, L_0x7f1a201637f8;  1 drivers
v0x55fee2ede210_0 .net *"_s188", 0 0, L_0x55fee2f03d90;  1 drivers
L_0x7f1a20163840 .functor BUFT 1, C4<0000011>, C4<0>, C4<0>, C4<0>;
v0x55fee2ede2d0_0 .net/2u *"_s192", 6 0, L_0x7f1a20163840;  1 drivers
v0x55fee2ede3b0_0 .net *"_s194", 0 0, L_0x55fee2f04190;  1 drivers
L_0x7f1a20163888 .functor BUFT 1, C4<101>, C4<0>, C4<0>, C4<0>;
v0x55fee2ede470_0 .net/2u *"_s196", 2 0, L_0x7f1a20163888;  1 drivers
v0x55fee2ede550_0 .net *"_s198", 0 0, L_0x55fee2f04280;  1 drivers
L_0x7f1a201638d0 .functor BUFT 1, C4<0100011>, C4<0>, C4<0>, C4<0>;
v0x55fee2ede610_0 .net/2u *"_s202", 6 0, L_0x7f1a201638d0;  1 drivers
v0x55fee2ede6f0_0 .net *"_s204", 0 0, L_0x55fee2f04700;  1 drivers
L_0x7f1a20163918 .functor BUFT 1, C4<000>, C4<0>, C4<0>, C4<0>;
v0x55fee2ede7b0_0 .net/2u *"_s206", 2 0, L_0x7f1a20163918;  1 drivers
v0x55fee2ede890_0 .net *"_s208", 0 0, L_0x55fee2f04a00;  1 drivers
L_0x7f1a20163960 .functor BUFT 1, C4<0100011>, C4<0>, C4<0>, C4<0>;
v0x55fee2ede950_0 .net/2u *"_s212", 6 0, L_0x7f1a20163960;  1 drivers
v0x55fee2edea30_0 .net *"_s214", 0 0, L_0x55fee2f04e20;  1 drivers
L_0x7f1a201639a8 .functor BUFT 1, C4<001>, C4<0>, C4<0>, C4<0>;
v0x55fee2edeaf0_0 .net/2u *"_s216", 2 0, L_0x7f1a201639a8;  1 drivers
v0x55fee2edebd0_0 .net *"_s218", 0 0, L_0x55fee2f04f10;  1 drivers
v0x55fee2edec90_0 .net *"_s22", 18 0, L_0x55fee2efe460;  1 drivers
L_0x7f1a201639f0 .functor BUFT 1, C4<0100011>, C4<0>, C4<0>, C4<0>;
v0x55fee2eded70_0 .net/2u *"_s222", 6 0, L_0x7f1a201639f0;  1 drivers
v0x55fee2edee50_0 .net *"_s224", 0 0, L_0x55fee2f05390;  1 drivers
L_0x7f1a20163a38 .functor BUFT 1, C4<010>, C4<0>, C4<0>, C4<0>;
v0x55fee2edef10_0 .net/2u *"_s226", 2 0, L_0x7f1a20163a38;  1 drivers
v0x55fee2edeff0_0 .net *"_s228", 0 0, L_0x55fee2f05480;  1 drivers
L_0x7f1a20163a80 .functor BUFT 1, C4<0010011>, C4<0>, C4<0>, C4<0>;
v0x55fee2edf0b0_0 .net/2u *"_s232", 6 0, L_0x7f1a20163a80;  1 drivers
v0x55fee2edf190_0 .net *"_s234", 0 0, L_0x55fee2f05a60;  1 drivers
L_0x7f1a20163ac8 .functor BUFT 1, C4<000>, C4<0>, C4<0>, C4<0>;
v0x55fee2edf250_0 .net/2u *"_s236", 2 0, L_0x7f1a20163ac8;  1 drivers
v0x55fee2edf330_0 .net *"_s238", 0 0, L_0x55fee2f05b50;  1 drivers
L_0x7f1a20163b10 .functor BUFT 1, C4<0010011>, C4<0>, C4<0>, C4<0>;
v0x55fee2edf3f0_0 .net/2u *"_s242", 6 0, L_0x7f1a20163b10;  1 drivers
v0x55fee2edf4d0_0 .net *"_s244", 0 0, L_0x55fee2f06030;  1 drivers
L_0x7f1a20163b58 .functor BUFT 1, C4<010>, C4<0>, C4<0>, C4<0>;
v0x55fee2edf590_0 .net/2u *"_s246", 2 0, L_0x7f1a20163b58;  1 drivers
v0x55fee2edf670_0 .net *"_s248", 0 0, L_0x55fee2f06120;  1 drivers
v0x55fee2edf730_0 .net *"_s25", 0 0, L_0x55fee2efe6f0;  1 drivers
L_0x7f1a20163ba0 .functor BUFT 1, C4<0010011>, C4<0>, C4<0>, C4<0>;
v0x55fee2edf810_0 .net/2u *"_s252", 6 0, L_0x7f1a20163ba0;  1 drivers
v0x55fee2edf8f0_0 .net *"_s254", 0 0, L_0x55fee2f06580;  1 drivers
L_0x7f1a20163be8 .functor BUFT 1, C4<011>, C4<0>, C4<0>, C4<0>;
v0x55fee2edfdc0_0 .net/2u *"_s256", 2 0, L_0x7f1a20163be8;  1 drivers
v0x55fee2edfea0_0 .net *"_s258", 0 0, L_0x55fee2f06670;  1 drivers
L_0x7f1a20163c30 .functor BUFT 1, C4<0010011>, C4<0>, C4<0>, C4<0>;
v0x55fee2edff60_0 .net/2u *"_s262", 6 0, L_0x7f1a20163c30;  1 drivers
v0x55fee2ee0040_0 .net *"_s264", 0 0, L_0x55fee2f06b80;  1 drivers
L_0x7f1a20163c78 .functor BUFT 1, C4<100>, C4<0>, C4<0>, C4<0>;
v0x55fee2ee0100_0 .net/2u *"_s266", 2 0, L_0x7f1a20163c78;  1 drivers
v0x55fee2ee01e0_0 .net *"_s268", 0 0, L_0x55fee2f06c70;  1 drivers
v0x55fee2ee02a0_0 .net *"_s27", 0 0, L_0x55fee2efe800;  1 drivers
L_0x7f1a20163cc0 .functor BUFT 1, C4<0010011>, C4<0>, C4<0>, C4<0>;
v0x55fee2ee0380_0 .net/2u *"_s272", 6 0, L_0x7f1a20163cc0;  1 drivers
v0x55fee2ee0460_0 .net *"_s274", 0 0, L_0x55fee2f070f0;  1 drivers
L_0x7f1a20163d08 .functor BUFT 1, C4<110>, C4<0>, C4<0>, C4<0>;
v0x55fee2ee0520_0 .net/2u *"_s276", 2 0, L_0x7f1a20163d08;  1 drivers
v0x55fee2ee0600_0 .net *"_s278", 0 0, L_0x55fee2f071e0;  1 drivers
L_0x7f1a20163d50 .functor BUFT 1, C4<0010011>, C4<0>, C4<0>, C4<0>;
v0x55fee2ee06c0_0 .net/2u *"_s282", 6 0, L_0x7f1a20163d50;  1 drivers
v0x55fee2ee07a0_0 .net *"_s284", 0 0, L_0x55fee2f06ae0;  1 drivers
L_0x7f1a20163d98 .functor BUFT 1, C4<111>, C4<0>, C4<0>, C4<0>;
v0x55fee2ee0860_0 .net/2u *"_s286", 2 0, L_0x7f1a20163d98;  1 drivers
v0x55fee2ee0940_0 .net *"_s288", 0 0, L_0x55fee2f07770;  1 drivers
v0x55fee2ee0a00_0 .net *"_s29", 5 0, L_0x55fee2efe8d0;  1 drivers
L_0x7f1a20163de0 .functor BUFT 1, C4<1110011>, C4<0>, C4<0>, C4<0>;
v0x55fee2ee0ae0_0 .net/2u *"_s292", 6 0, L_0x7f1a20163de0;  1 drivers
v0x55fee2ee0bc0_0 .net *"_s294", 0 0, L_0x55fee2f07c10;  1 drivers
L_0x7f1a20163e28 .functor BUFT 1, C4<001>, C4<0>, C4<0>, C4<0>;
v0x55fee2ee0c80_0 .net/2u *"_s296", 2 0, L_0x7f1a20163e28;  1 drivers
v0x55fee2ee0d60_0 .net *"_s298", 0 0, L_0x55fee2f07d00;  1 drivers
L_0x7f1a20163e70 .functor BUFT 1, C4<0010011>, C4<0>, C4<0>, C4<0>;
v0x55fee2ee0e20_0 .net/2u *"_s302", 6 0, L_0x7f1a20163e70;  1 drivers
v0x55fee2ee0f00_0 .net *"_s304", 0 0, L_0x55fee2f08270;  1 drivers
L_0x7f1a20163eb8 .functor BUFT 1, C4<001>, C4<0>, C4<0>, C4<0>;
v0x55fee2ee0fc0_0 .net/2u *"_s306", 2 0, L_0x7f1a20163eb8;  1 drivers
v0x55fee2ee10a0_0 .net *"_s308", 0 0, L_0x55fee2f08360;  1 drivers
v0x55fee2ee1160_0 .net *"_s31", 3 0, L_0x55fee2efea20;  1 drivers
v0x55fee2ee1240_0 .net *"_s310", 0 0, L_0x55fee2f08710;  1 drivers
L_0x7f1a20163f00 .functor BUFT 1, C4<0000000>, C4<0>, C4<0>, C4<0>;
v0x55fee2ee1320_0 .net/2u *"_s312", 6 0, L_0x7f1a20163f00;  1 drivers
v0x55fee2ee1400_0 .net *"_s314", 0 0, L_0x55fee2f08820;  1 drivers
L_0x7f1a20163f48 .functor BUFT 1, C4<0010011>, C4<0>, C4<0>, C4<0>;
v0x55fee2ee14c0_0 .net/2u *"_s318", 6 0, L_0x7f1a20163f48;  1 drivers
L_0x7f1a20163060 .functor BUFT 1, C4<0>, C4<0>, C4<0>, C4<0>;
v0x55fee2ee15a0_0 .net/2u *"_s32", 0 0, L_0x7f1a20163060;  1 drivers
v0x55fee2ee1680_0 .net *"_s320", 0 0, L_0x55fee2f08b40;  1 drivers
L_0x7f1a20163f90 .functor BUFT 1, C4<101>, C4<0>, C4<0>, C4<0>;
v0x55fee2ee1740_0 .net/2u *"_s322", 2 0, L_0x7f1a20163f90;  1 drivers
v0x55fee2ee1820_0 .net *"_s324", 0 0, L_0x55fee2f08ed0;  1 drivers
v0x55fee2ee18e0_0 .net *"_s326", 0 0, L_0x55fee2f08fc0;  1 drivers
L_0x7f1a20163fd8 .functor BUFT 1, C4<0000000>, C4<0>, C4<0>, C4<0>;
v0x55fee2ee19c0_0 .net/2u *"_s328", 6 0, L_0x7f1a20163fd8;  1 drivers
v0x55fee2ee1aa0_0 .net *"_s330", 0 0, L_0x55fee2f090d0;  1 drivers
L_0x7f1a20164020 .functor BUFT 1, C4<0010011>, C4<0>, C4<0>, C4<0>;
v0x55fee2ee1b60_0 .net/2u *"_s334", 6 0, L_0x7f1a20164020;  1 drivers
v0x55fee2ee1c40_0 .net *"_s336", 0 0, L_0x55fee2f09660;  1 drivers
L_0x7f1a20164068 .functor BUFT 1, C4<101>, C4<0>, C4<0>, C4<0>;
v0x55fee2ee1d00_0 .net/2u *"_s338", 2 0, L_0x7f1a20164068;  1 drivers
v0x55fee2ee1de0_0 .net *"_s340", 0 0, L_0x55fee2f09750;  1 drivers
v0x55fee2ee1ea0_0 .net *"_s342", 0 0, L_0x55fee2f09b30;  1 drivers
L_0x7f1a201640b0 .functor BUFT 1, C4<0100000>, C4<0>, C4<0>, C4<0>;
v0x55fee2ee1f80_0 .net/2u *"_s344", 6 0, L_0x7f1a201640b0;  1 drivers
v0x55fee2ee2060_0 .net *"_s346", 0 0, L_0x55fee2f09c40;  1 drivers
L_0x7f1a201640f8 .functor BUFT 1, C4<0110011>, C4<0>, C4<0>, C4<0>;
v0x55fee2ee2120_0 .net/2u *"_s350", 6 0, L_0x7f1a201640f8;  1 drivers
v0x55fee2ee2200_0 .net *"_s352", 0 0, L_0x55fee2f09ee0;  1 drivers
L_0x7f1a20164140 .functor BUFT 1, C4<000>, C4<0>, C4<0>, C4<0>;
v0x55fee2ee22c0_0 .net/2u *"_s354", 2 0, L_0x7f1a20164140;  1 drivers
v0x55fee2ee23a0_0 .net *"_s356", 0 0, L_0x55fee2f0a2a0;  1 drivers
v0x55fee2ee2460_0 .net *"_s358", 0 0, L_0x55fee2f0a3c0;  1 drivers
v0x55fee2ee2540_0 .net *"_s36", 19 0, L_0x55fee2efedc0;  1 drivers
L_0x7f1a20164188 .functor BUFT 1, C4<0000000>, C4<0>, C4<0>, C4<0>;
v0x55fee2ee2620_0 .net/2u *"_s360", 6 0, L_0x7f1a20164188;  1 drivers
v0x55fee2ee2700_0 .net *"_s362", 0 0, L_0x55fee2f0a4d0;  1 drivers
L_0x7f1a201641d0 .functor BUFT 1, C4<0110011>, C4<0>, C4<0>, C4<0>;
v0x55fee2ee27c0_0 .net/2u *"_s366", 6 0, L_0x7f1a201641d0;  1 drivers
v0x55fee2ee28a0_0 .net *"_s368", 0 0, L_0x55fee2f0aab0;  1 drivers
L_0x7f1a20164218 .functor BUFT 1, C4<000>, C4<0>, C4<0>, C4<0>;
v0x55fee2ee2960_0 .net/2u *"_s370", 2 0, L_0x7f1a20164218;  1 drivers
v0x55fee2ee2a40_0 .net *"_s372", 0 0, L_0x55fee2f0aba0;  1 drivers
v0x55fee2ee2b00_0 .net *"_s374", 0 0, L_0x55fee2f0afb0;  1 drivers
L_0x7f1a20164260 .functor BUFT 1, C4<0100000>, C4<0>, C4<0>, C4<0>;
v0x55fee2ee2be0_0 .net/2u *"_s376", 6 0, L_0x7f1a20164260;  1 drivers
v0x55fee2ee2cc0_0 .net *"_s378", 0 0, L_0x55fee2f0b0c0;  1 drivers
L_0x7f1a201642a8 .functor BUFT 1, C4<0110011>, C4<0>, C4<0>, C4<0>;
v0x55fee2ee2d80_0 .net/2u *"_s382", 6 0, L_0x7f1a201642a8;  1 drivers
v0x55fee2ee2e60_0 .net *"_s384", 0 0, L_0x55fee2f0b3d0;  1 drivers
L_0x7f1a201642f0 .functor BUFT 1, C4<001>, C4<0>, C4<0>, C4<0>;
v0x55fee2ee2f20_0 .net/2u *"_s386", 2 0, L_0x7f1a201642f0;  1 drivers
v0x55fee2ee3000_0 .net *"_s388", 0 0, L_0x55fee2f0bbd0;  1 drivers
v0x55fee2ee30c0_0 .net *"_s39", 11 0, L_0x55fee2efef10;  1 drivers
v0x55fee2ee31a0_0 .net *"_s390", 0 0, L_0x55fee2f0bcc0;  1 drivers
L_0x7f1a20164338 .functor BUFT 1, C4<0000000>, C4<0>, C4<0>, C4<0>;
v0x55fee2ee3a90_0 .net/2u *"_s392", 6 0, L_0x7f1a20164338;  1 drivers
v0x55fee2ee3b70_0 .net *"_s394", 0 0, L_0x55fee2f0bdd0;  1 drivers
L_0x7f1a20164380 .functor BUFT 1, C4<0110011>, C4<0>, C4<0>, C4<0>;
v0x55fee2ee3c30_0 .net/2u *"_s398", 6 0, L_0x7f1a20164380;  1 drivers
v0x55fee2ee3d10_0 .net *"_s400", 0 0, L_0x55fee2f0c430;  1 drivers
L_0x7f1a201643c8 .functor BUFT 1, C4<010>, C4<0>, C4<0>, C4<0>;
v0x55fee2ee3dd0_0 .net/2u *"_s402", 2 0, L_0x7f1a201643c8;  1 drivers
v0x55fee2ee3eb0_0 .net *"_s404", 0 0, L_0x55fee2f0c520;  1 drivers
v0x55fee2ee3f70_0 .net *"_s406", 0 0, L_0x55fee2f0c960;  1 drivers
L_0x7f1a20164410 .functor BUFT 1, C4<0000000>, C4<0>, C4<0>, C4<0>;
v0x55fee2ee4050_0 .net/2u *"_s408", 6 0, L_0x7f1a20164410;  1 drivers
v0x55fee2ee4130_0 .net *"_s410", 0 0, L_0x55fee2f0ca70;  1 drivers
L_0x7f1a20164458 .functor BUFT 1, C4<0110011>, C4<0>, C4<0>, C4<0>;
v0x55fee2ee41f0_0 .net/2u *"_s414", 6 0, L_0x7f1a20164458;  1 drivers
v0x55fee2ee42d0_0 .net *"_s416", 0 0, L_0x55fee2f0c310;  1 drivers
L_0x7f1a201644a0 .functor BUFT 1, C4<011>, C4<0>, C4<0>, C4<0>;
v0x55fee2ee4390_0 .net/2u *"_s418", 2 0, L_0x7f1a201644a0;  1 drivers
v0x55fee2ee4470_0 .net *"_s42", 19 0, L_0x55fee2eff190;  1 drivers
v0x55fee2ee4550_0 .net *"_s420", 0 0, L_0x55fee2f0d0d0;  1 drivers
v0x55fee2ee4610_0 .net *"_s422", 0 0, L_0x55fee2f0d1c0;  1 drivers
L_0x7f1a201644e8 .functor BUFT 1, C4<0000000>, C4<0>, C4<0>, C4<0>;
v0x55fee2ee46f0_0 .net/2u *"_s424", 6 0, L_0x7f1a201644e8;  1 drivers
v0x55fee2ee47d0_0 .net *"_s426", 0 0, L_0x55fee2f0d2d0;  1 drivers
L_0x7f1a20164530 .functor BUFT 1, C4<0110011>, C4<0>, C4<0>, C4<0>;
v0x55fee2ee4890_0 .net/2u *"_s430", 6 0, L_0x7f1a20164530;  1 drivers
v0x55fee2ee4970_0 .net *"_s432", 0 0, L_0x55fee2f0d950;  1 drivers
L_0x7f1a20164578 .functor BUFT 1, C4<100>, C4<0>, C4<0>, C4<0>;
v0x55fee2ee4a30_0 .net/2u *"_s434", 2 0, L_0x7f1a20164578;  1 drivers
v0x55fee2ee4b10_0 .net *"_s436", 0 0, L_0x55fee2f0da40;  1 drivers
v0x55fee2ee4bd0_0 .net *"_s438", 0 0, L_0x55fee2f0e2c0;  1 drivers
L_0x7f1a201645c0 .functor BUFT 1, C4<0000000>, C4<0>, C4<0>, C4<0>;
v0x55fee2ee4cb0_0 .net/2u *"_s440", 6 0, L_0x7f1a201645c0;  1 drivers
v0x55fee2ee4d90_0 .net *"_s442", 0 0, L_0x55fee2f0e3d0;  1 drivers
L_0x7f1a20164608 .functor BUFT 1, C4<0110011>, C4<0>, C4<0>, C4<0>;
v0x55fee2ee4e50_0 .net/2u *"_s446", 6 0, L_0x7f1a20164608;  1 drivers
v0x55fee2ee4f30_0 .net *"_s448", 0 0, L_0x55fee2f0e720;  1 drivers
v0x55fee2ee4ff0_0 .net *"_s45", 6 0, L_0x55fee2efefb0;  1 drivers
L_0x7f1a20164650 .functor BUFT 1, C4<101>, C4<0>, C4<0>, C4<0>;
v0x55fee2ee50d0_0 .net/2u *"_s450", 2 0, L_0x7f1a20164650;  1 drivers
v0x55fee2ee51b0_0 .net *"_s452", 0 0, L_0x55fee2f0eb70;  1 drivers
v0x55fee2ee5270_0 .net *"_s454", 0 0, L_0x55fee2f0ec90;  1 drivers
L_0x7f1a20164698 .functor BUFT 1, C4<0000000>, C4<0>, C4<0>, C4<0>;
v0x55fee2ee5350_0 .net/2u *"_s456", 6 0, L_0x7f1a20164698;  1 drivers
v0x55fee2ee5430_0 .net *"_s458", 0 0, L_0x55fee2f0eda0;  1 drivers
L_0x7f1a201646e0 .functor BUFT 1, C4<0110011>, C4<0>, C4<0>, C4<0>;
v0x55fee2ee54f0_0 .net/2u *"_s462", 6 0, L_0x7f1a201646e0;  1 drivers
v0x55fee2ee55d0_0 .net *"_s464", 0 0, L_0x55fee2f0f470;  1 drivers
L_0x7f1a20164728 .functor BUFT 1, C4<101>, C4<0>, C4<0>, C4<0>;
v0x55fee2ee5690_0 .net/2u *"_s466", 2 0, L_0x7f1a20164728;  1 drivers
v0x55fee2ee5770_0 .net *"_s468", 0 0, L_0x55fee2f0f560;  1 drivers
v0x55fee2ee5830_0 .net *"_s47", 4 0, L_0x55fee2eff390;  1 drivers
v0x55fee2ee5910_0 .net *"_s470", 0 0, L_0x55fee2f0fa00;  1 drivers
L_0x7f1a20164770 .functor BUFT 1, C4<0100000>, C4<0>, C4<0>, C4<0>;
v0x55fee2ee59f0_0 .net/2u *"_s472", 6 0, L_0x7f1a20164770;  1 drivers
v0x55fee2ee5ad0_0 .net *"_s474", 0 0, L_0x55fee2f0fb10;  1 drivers
L_0x7f1a201647b8 .functor BUFT 1, C4<0110011>, C4<0>, C4<0>, C4<0>;
v0x55fee2ee5b90_0 .net/2u *"_s478", 6 0, L_0x7f1a201647b8;  1 drivers
v0x55fee2ee5c70_0 .net *"_s480", 0 0, L_0x55fee2f0fe80;  1 drivers
L_0x7f1a20164800 .functor BUFT 1, C4<110>, C4<0>, C4<0>, C4<0>;
v0x55fee2ee5d30_0 .net/2u *"_s482", 2 0, L_0x7f1a20164800;  1 drivers
v0x55fee2ee5e10_0 .net *"_s484", 0 0, L_0x55fee2f10300;  1 drivers
v0x55fee2ee5ed0_0 .net *"_s486", 0 0, L_0x55fee2f10420;  1 drivers
L_0x7f1a20164848 .functor BUFT 1, C4<0000000>, C4<0>, C4<0>, C4<0>;
v0x55fee2ee5fb0_0 .net/2u *"_s488", 6 0, L_0x7f1a20164848;  1 drivers
v0x55fee2ee6090_0 .net *"_s490", 0 0, L_0x55fee2f10530;  1 drivers
L_0x7f1a20164890 .functor BUFT 1, C4<0110011>, C4<0>, C4<0>, C4<0>;
v0x55fee2ee6150_0 .net/2u *"_s494", 6 0, L_0x7f1a20164890;  1 drivers
v0x55fee2ee6230_0 .net *"_s496", 0 0, L_0x55fee2f10c50;  1 drivers
L_0x7f1a201648d8 .functor BUFT 1, C4<111>, C4<0>, C4<0>, C4<0>;
v0x55fee2ee62f0_0 .net/2u *"_s498", 2 0, L_0x7f1a201648d8;  1 drivers
v0x55fee2ee63d0_0 .net *"_s500", 0 0, L_0x55fee2f10d40;  1 drivers
v0x55fee2ee6490_0 .net *"_s502", 0 0, L_0x55fee2f11210;  1 drivers
L_0x7f1a20164920 .functor BUFT 1, C4<0000000>, C4<0>, C4<0>, C4<0>;
v0x55fee2ee6570_0 .net/2u *"_s504", 6 0, L_0x7f1a20164920;  1 drivers
v0x55fee2ee6650_0 .net *"_s506", 0 0, L_0x55fee2f11320;  1 drivers
v0x55fee2ee6710_0 .net *"_s51", 19 0, L_0x55fee2eff680;  1 drivers
v0x55fee2ee67f0_0 .net *"_s510", 0 0, L_0x55fee2f116b0;  1 drivers
v0x55fee2ee68d0_0 .net *"_s512", 0 0, L_0x55fee2f117c0;  1 drivers
v0x55fee2ee69b0_0 .net *"_s514", 0 0, L_0x55fee2f11a70;  1 drivers
v0x55fee2ee6a90_0 .net *"_s516", 0 0, L_0x55fee2f11b80;  1 drivers
L_0x7f1a201630a8 .functor BUFT 1, C4<000000000000>, C4<0>, C4<0>, C4<0>;
v0x55fee2ee6b70_0 .net/2u *"_s52", 11 0, L_0x7f1a201630a8;  1 drivers
v0x55fee2ee6c50_0 .net *"_s522", 31 0, L_0x55fee2f12400;  1 drivers
L_0x7f1a20164968 .functor BUFT 1, C4<000000000000000000000000000>, C4<0>, C4<0>, C4<0>;
v0x55fee2ee6d30_0 .net *"_s525", 26 0, L_0x7f1a20164968;  1 drivers
L_0x7f1a201649b0 .functor BUFT 1, C4<00000000000000000000000000000000>, C4<0>, C4<0>, C4<0>;
v0x55fee2ee6e10_0 .net/2u *"_s526", 31 0, L_0x7f1a201649b0;  1 drivers
v0x55fee2ee6ef0_0 .net *"_s528", 0 0, L_0x55fee2f12540;  1 drivers
L_0x7f1a201649f8 .functor BUFT 1, C4<00000000000000000000000000000000>, C4<0>, C4<0>, C4<0>;
v0x55fee2ee6fb0_0 .net/2u *"_s530", 31 0, L_0x7f1a201649f8;  1 drivers
v0x55fee2ee7090_0 .net *"_s532", 31 0, L_0x55fee2f12a50;  1 drivers
v0x55fee2ee7170_0 .net *"_s534", 6 0, L_0x55fee2f12af0;  1 drivers
L_0x7f1a20164a40 .functor BUFT 1, C4<00>, C4<0>, C4<0>, C4<0>;
v0x55fee2ee7250_0 .net *"_s537", 1 0, L_0x7f1a20164a40;  1 drivers
L_0x7f1a20164a88 .functor BUFT 1, C4<0000001>, C4<0>, C4<0>, C4<0>;
v0x55fee2ee7330_0 .net/2u *"_s538", 6 0, L_0x7f1a20164a88;  1 drivers
v0x55fee2ee7410_0 .net *"_s540", 6 0, L_0x55fee2f12fc0;  1 drivers
v0x55fee2ee74f0_0 .net *"_s544", 31 0, L_0x55fee2f13740;  1 drivers
L_0x7f1a20164ad0 .functor BUFT 1, C4<000000000000000000000000000>, C4<0>, C4<0>, C4<0>;
v0x55fee2ee75d0_0 .net *"_s547", 26 0, L_0x7f1a20164ad0;  1 drivers
L_0x7f1a20164b18 .functor BUFT 1, C4<00000000000000000000000000000000>, C4<0>, C4<0>, C4<0>;
v0x55fee2ee76b0_0 .net/2u *"_s548", 31 0, L_0x7f1a20164b18;  1 drivers
v0x55fee2ee7790_0 .net *"_s550", 0 0, L_0x55fee2f13880;  1 drivers
L_0x7f1a20164b60 .functor BUFT 1, C4<00000000000000000000000000000000>, C4<0>, C4<0>, C4<0>;
v0x55fee2ee7850_0 .net/2u *"_s552", 31 0, L_0x7f1a20164b60;  1 drivers
v0x55fee2ee7930_0 .net *"_s554", 31 0, L_0x55fee2f13dc0;  1 drivers
v0x55fee2ee7a10_0 .net *"_s556", 6 0, L_0x55fee2f13e60;  1 drivers
L_0x7f1a20164ba8 .functor BUFT 1, C4<00>, C4<0>, C4<0>, C4<0>;
v0x55fee2ee7af0_0 .net *"_s559", 1 0, L_0x7f1a20164ba8;  1 drivers
v0x55fee2ee7bd0_0 .net *"_s56", 10 0, L_0x55fee2eff960;  1 drivers
L_0x7f1a20164bf0 .functor BUFT 1, C4<0000001>, C4<0>, C4<0>, C4<0>;
v0x55fee2ee7cb0_0 .net/2u *"_s560", 6 0, L_0x7f1a20164bf0;  1 drivers
v0x55fee2ee7d90_0 .net *"_s562", 6 0, L_0x55fee2f14360;  1 drivers
v0x55fee2ee7e70_0 .net *"_s567", 0 0, L_0x55fee2f14aa0;  1 drivers
v0x55fee2ee7f50_0 .net *"_s569", 0 0, L_0x55fee2f14b90;  1 drivers
v0x55fee2ee8030_0 .net *"_s570", 0 0, L_0x55fee2f13060;  1 drivers
v0x55fee2ee8110_0 .net *"_s573", 0 0, L_0x55fee2f147f0;  1 drivers
v0x55fee2ee81f0_0 .net *"_s574", 0 0, L_0x55fee2f14890;  1 drivers
v0x55fee2ee82d0_0 .net *"_s578", 0 0, L_0x55fee2f152d0;  1 drivers
v0x55fee2ee83b0_0 .net *"_s580", 3 0, L_0x55fee2f15390;  1 drivers
v0x55fee2ee8490_0 .net *"_s584", 0 0, L_0x55fee2f14e80;  1 drivers
v0x55fee2ee8570_0 .net *"_s588", 3 0, L_0x55fee2f14fb0;  1 drivers
v0x55fee2ee8650_0 .net *"_s59", 0 0, L_0x55fee2f002f0;  1 drivers
v0x55fee2ee8730_0 .net *"_s61", 7 0, L_0x55fee2f00390;  1 drivers
v0x55fee2ee8810_0 .net *"_s63", 0 0, L_0x55fee2f00550;  1 drivers
v0x55fee2ee88f0_0 .net *"_s65", 9 0, L_0x55fee2f00620;  1 drivers
L_0x7f1a201630f0 .functor BUFT 1, C4<0>, C4<0>, C4<0>, C4<0>;
v0x55fee2ee89d0_0 .net/2u *"_s66", 0 0, L_0x7f1a201630f0;  1 drivers
L_0x7f1a20163138 .functor BUFT 1, C4<0010111>, C4<0>, C4<0>, C4<0>;
v0x55fee2ee8ab0_0 .net/2u *"_s70", 6 0, L_0x7f1a20163138;  1 drivers
L_0x7f1a20163180 .functor BUFT 1, C4<0110111>, C4<0>, C4<0>, C4<0>;
v0x55fee2ee8b90_0 .net/2u *"_s74", 6 0, L_0x7f1a20163180;  1 drivers
L_0x7f1a201631c8 .functor BUFT 1, C4<1101111>, C4<0>, C4<0>, C4<0>;
v0x55fee2ee8c70_0 .net/2u *"_s78", 6 0, L_0x7f1a201631c8;  1 drivers
L_0x7f1a20163210 .functor BUFT 1, C4<1100111>, C4<0>, C4<0>, C4<0>;
v0x55fee2ee8d50_0 .net/2u *"_s82", 6 0, L_0x7f1a20163210;  1 drivers
v0x55fee2ee8e30_0 .net *"_s84", 0 0, L_0x55fee2f01020;  1 drivers
L_0x7f1a20163258 .functor BUFT 1, C4<000>, C4<0>, C4<0>, C4<0>;
v0x55fee2ee8ef0_0 .net/2u *"_s86", 2 0, L_0x7f1a20163258;  1 drivers
v0x55fee2ee8fd0_0 .net *"_s88", 0 0, L_0x55fee2f01110;  1 drivers
L_0x7f1a201632a0 .functor BUFT 1, C4<1100011>, C4<0>, C4<0>, C4<0>;
v0x55fee2ee9090_0 .net/2u *"_s92", 6 0, L_0x7f1a201632a0;  1 drivers
v0x55fee2ee9170_0 .net *"_s94", 0 0, L_0x55fee2f01330;  1 drivers
L_0x7f1a201632e8 .functor BUFT 1, C4<000>, C4<0>, C4<0>, C4<0>;
v0x55fee2ee9230_0 .net/2u *"_s96", 2 0, L_0x7f1a201632e8;  1 drivers
v0x55fee2ee9310_0 .net *"_s98", 0 0, L_0x55fee2f013d0;  1 drivers
v0x55fee2ee93d0_0 .net "a", 31 0, L_0x55fee2f131c0;  1 drivers
v0x55fee2ee94b0_0 .var "alu_out", 31 0;
v0x55fee2ee9590_0 .net "b", 31 0, L_0x55fee2f144f0;  1 drivers
v0x55fee2ee9670_0 .net "broffset", 31 0, L_0x55fee2efeb20;  1 drivers
o0x7f1a201aece8 .functor BUFZ 1, C4<z>; HiZ drive
v0x55fee2ee9750_0 .net "clk", 0 0, o0x7f1a201aece8;  0 drivers
o0x7f1a201aed18 .functor BUFZ 1, C4<z>; HiZ drive
v0x55fee2ee9810_0 .net "clrn", 0 0, o0x7f1a201aed18;  0 drivers
o0x7f1a201aed48 .functor BUFZ 32, C4<zzzzzzzzzzzzzzzzzzzzzzzzzzzzzzzz>; HiZ drive
v0x55fee2ee98d0_0 .net "d_f_mem", 31 0, o0x7f1a201aed48;  0 drivers
v0x55fee2ee99b0_0 .var "d_t_mem", 31 0;
v0x55fee2ee9a90_0 .net "data_2_rf", 31 0, L_0x55fee2f11f50;  1 drivers
v0x55fee2ee9b70_0 .net "func3", 2 0, L_0x55fee2efdcd0;  1 drivers
v0x55fee2ee9c50_0 .net "func7", 6 0, L_0x55fee2efddf0;  1 drivers
v0x55fee2ee9d30_0 .net "i_add", 0 0, L_0x55fee2f0a8a0;  1 drivers
v0x55fee2ee9df0_0 .net "i_addi", 0 0, L_0x55fee2f05e90;  1 drivers
v0x55fee2ee9eb0_0 .net "i_and", 0 0, L_0x55fee2f11410;  1 drivers
v0x55fee2ee9f70_0 .net "i_andi", 0 0, L_0x55fee2f07b00;  1 drivers
v0x55fee2eea030_0 .net "i_auipc", 0 0, L_0x55fee2f00b20;  1 drivers
v0x55fee2eea0f0_0 .net "i_beq", 0 0, L_0x55fee2f01600;  1 drivers
v0x55fee2eea1b0_0 .net "i_bge", 0 0, L_0x55fee2f02360;  1 drivers
v0x55fee2eea270_0 .net "i_bgeu", 0 0, L_0x55fee2f02cc0;  1 drivers
v0x55fee2eea330_0 .net "i_blt", 0 0, L_0x55fee2f01ed0;  1 drivers
v0x55fee2eea3f0_0 .net "i_bltu", 0 0, L_0x55fee2f02800;  1 drivers
v0x55fee2eea4b0_0 .net "i_bne", 0 0, L_0x55fee2f01a80;  1 drivers
v0x55fee2ee3260_0 .net "i_csrrw", 0 0, L_0x55fee2f080a0;  1 drivers
v0x55fee2ee3320_0 .net "i_jal", 0 0, L_0x55fee2f00e60;  1 drivers
v0x55fee2ee33e0_0 .net "i_jalr", 0 0, L_0x55fee2e35990;  1 drivers
v0x55fee2ee34a0_0 .net "i_lb", 0 0, L_0x55fee2f03180;  1 drivers
v0x55fee2ee3560_0 .net "i_lbu", 0 0, L_0x55fee2f04080;  1 drivers
v0x55fee2ee3620_0 .net "i_lh", 0 0, L_0x55fee2f036a0;  1 drivers
v0x55fee2ee36e0_0 .net "i_lhu", 0 0, L_0x55fee2f04580;  1 drivers
v0x55fee2ee37a0_0 .net "i_load", 0 0, L_0x55fee2f11e40;  1 drivers
v0x55fee2ee3860_0 .net "i_lui", 0 0, L_0x55fee2f00d70;  1 drivers
v0x55fee2ee3920_0 .net "i_lw", 0 0, L_0x55fee2f03b80;  1 drivers
v0x55fee2eeb560_0 .net "i_or", 0 0, L_0x55fee2f109c0;  1 drivers
v0x55fee2eeb600_0 .net "i_ori", 0 0, L_0x55fee2f07560;  1 drivers
v0x55fee2eeb6a0_0 .net "i_sb", 0 0, L_0x55fee2f04d10;  1 drivers
v0x55fee2eeb740_0 .net "i_sh", 0 0, L_0x55fee2f05200;  1 drivers
v0x55fee2eeb800_0 .net "i_sll", 0 0, L_0x55fee2f0c200;  1 drivers
v0x55fee2eeb8c0_0 .net "i_slli", 0 0, L_0x55fee2f08960;  1 drivers
v0x55fee2eeb980_0 .net "i_slt", 0 0, L_0x55fee2f0cb60;  1 drivers
v0x55fee2eeba40_0 .net "i_slti", 0 0, L_0x55fee2f06470;  1 drivers
v0x55fee2eebb00_0 .net "i_sltiu", 0 0, L_0x55fee2f069d0;  1 drivers
v0x55fee2eebbc0_0 .net "i_sltu", 0 0, L_0x55fee2f0d700;  1 drivers
v0x55fee2eebc80_0 .net "i_sra", 0 0, L_0x55fee2f0fc00;  1 drivers
v0x55fee2eebd40_0 .net "i_srai", 0 0, L_0x55fee2f09ce0;  1 drivers
v0x55fee2eebe00_0 .net "i_srl", 0 0, L_0x55fee2f0f200;  1 drivers
v0x55fee2eebec0_0 .net "i_srli", 0 0, L_0x55fee2f09470;  1 drivers
v0x55fee2eebf80_0 .net "i_sub", 0 0, L_0x55fee2f0b1b0;  1 drivers
v0x55fee2eec040_0 .net "i_sw", 0 0, L_0x55fee2f04690;  1 drivers
v0x55fee2eec100_0 .net "i_xor", 0 0, L_0x55fee2f0e4c0;  1 drivers
v0x55fee2eec1c0_0 .net "i_xori", 0 0, L_0x55fee2f06fe0;  1 drivers
v0x55fee2eec280_0 .net "imm", 11 0, L_0x55fee2efe330;  1 drivers
o0x7f1a201af5b8 .functor BUFZ 32, C4<zzzzzzzzzzzzzzzzzzzzzzzzzzzzzzzz>; HiZ drive
v0x55fee2eec360_0 .net "inst", 31 0, o0x7f1a201af5b8;  0 drivers
v0x55fee2eec440_0 .var "io_rdn", 0 0;
v0x55fee2eec500_0 .var "io_wrn", 0 0;
v0x55fee2eec5c0_0 .net "jaloffset", 31 0, L_0x55fee2f00820;  1 drivers
v0x55fee2eec6a0_0 .var "m_addr", 31 0;
v0x55fee2eec780_0 .var "mem_out", 31 0;
v0x55fee2eec860_0 .var "next_pc", 31 0;
v0x55fee2eec940_0 .net "opcode", 6 0, L_0x55fee2efdc30;  1 drivers
v0x55fee2eeca20_0 .var "pc", 31 0;
v0x55fee2eecb00_0 .net "pc_plus_4", 31 0, L_0x55fee2efdb90;  1 drivers
v0x55fee2eecbe0_0 .net "rd", 4 0, L_0x55fee2efdec0;  1 drivers
v0x55fee2eeccc0_0 .net "read", 0 0, L_0x55fee2f14ef0;  1 drivers
v0x55fee2eecd80 .array "regfile", 31 1, 31 0;
v0x55fee2eece40_0 .var "rmem", 0 0;
v0x55fee2eecf00_0 .net "rs", 4 0, L_0x55fee2efdf90;  1 drivers
v0x55fee2eecfe0_0 .net "rt", 4 0, L_0x55fee2efe0a0;  1 drivers
v0x55fee2eed0c0_0 .net "rvram", 0 0, L_0x55fee2f15ba0;  1 drivers
v0x55fee2eed180_0 .net "shamt", 4 0, L_0x55fee2efe140;  1 drivers
v0x55fee2eed260_0 .net "sign", 0 0, L_0x55fee2efe260;  1 drivers
v0x55fee2eed320_0 .net "simm", 31 0, L_0x55fee2eff050;  1 drivers
v0x55fee2eed400_0 .net "stimm", 31 0, L_0x55fee2eff4f0;  1 drivers
v0x55fee2eed4e0_0 .net "uimm", 31 0, L_0x55fee2eff7f0;  1 drivers
v0x55fee2eed5c0_0 .net "vr_space", 0 0, L_0x55fee2f14900;  1 drivers
v0x55fee2eed680_0 .var "wmem", 3 0;
v0x55fee2eed760_0 .var "wreg", 0 0;
v0x55fee2eed820_0 .net "write", 3 0, L_0x55fee2f14c30;  1 drivers
v0x55fee2eed900_0 .net "wvram", 3 0, L_0x55fee2f15ab0;  1 drivers
E_0x55fee2e374e0/0 .event edge, v0x55fee2ee9590_0, v0x55fee2eecb00_0, v0x55fee2ee93d0_0, v0x55fee2ee9d30_0;
E_0x55fee2e374e0/1 .event edge, v0x55fee2eebf80_0, v0x55fee2ee9eb0_0, v0x55fee2eeb560_0, v0x55fee2eec100_0;
E_0x55fee2e374e0/2 .event edge, v0x55fee2eeb800_0, v0x55fee2eebe00_0, v0x55fee2eebc80_0, v0x55fee2eed180_0;
E_0x55fee2e374e0/3 .event edge, v0x55fee2eeb8c0_0, v0x55fee2eebec0_0, v0x55fee2eebd40_0, v0x55fee2eeb980_0;
E_0x55fee2e374e0/4 .event edge, v0x55fee2eebbc0_0, v0x55fee2eed320_0, v0x55fee2ee9df0_0, v0x55fee2ee9f70_0;
E_0x55fee2e374e0/5 .event edge, v0x55fee2eeb600_0, v0x55fee2eec1c0_0, v0x55fee2eeba40_0, v0x55fee2eebb00_0;
E_0x55fee2e374e0/6 .event edge, v0x55fee2ee94b0_0, v0x55fee2ee98d0_0, v0x55fee2ee3920_0, v0x55fee2eec6a0_0;
E_0x55fee2e374e0/7 .event edge, v0x55fee2ee3560_0, v0x55fee2ee34a0_0, v0x55fee2ee36e0_0, v0x55fee2ee3620_0;
E_0x55fee2e374e0/8 .event edge, v0x55fee2eed400_0, v0x55fee2eeb6a0_0, v0x55fee2eeb740_0, v0x55fee2eec040_0;
E_0x55fee2e374e0/9 .event edge, v0x55fee2eeca20_0, v0x55fee2ee9670_0, v0x55fee2eea0f0_0, v0x55fee2eea4b0_0;
E_0x55fee2e374e0/10 .event edge, v0x55fee2eea330_0, v0x55fee2eea1b0_0, v0x55fee2eea3f0_0, v0x55fee2eea270_0;
E_0x55fee2e374e0/11 .event edge, v0x55fee2eed4e0_0, v0x55fee2eea030_0, v0x55fee2ee3860_0, v0x55fee2eec5c0_0;
E_0x55fee2e374e0/12 .event edge, v0x55fee2ee3320_0, v0x55fee2ee33e0_0, v0x55fee2eec280_0, v0x55fee2eecbe0_0;
E_0x55fee2e374e0/13 .event edge, v0x55fee2eecf00_0, v0x55fee2ee3260_0;
E_0x55fee2e374e0 .event/or E_0x55fee2e374e0/0, E_0x55fee2e374e0/1, E_0x55fee2e374e0/2, E_0x55fee2e374e0/3, E_0x55fee2e374e0/4, E_0x55fee2e374e0/5, E_0x55fee2e374e0/6, E_0x55fee2e374e0/7, E_0x55fee2e374e0/8, E_0x55fee2e374e0/9, E_0x55fee2e374e0/10, E_0x55fee2e374e0/11, E_0x55fee2e374e0/12, E_0x55fee2e374e0/13;
E_0x55fee2e37290 .event posedge, v0x55fee2ee9750_0;
E_0x55fee2e36a10/0 .event negedge, v0x55fee2ee9810_0;
E_0x55fee2e36a10/1 .event posedge, v0x55fee2ee9750_0;
E_0x55fee2e36a10 .event/or E_0x55fee2e36a10/0, E_0x55fee2e36a10/1;
L_0x55fee2efdb90 .arith/sum 32, v0x55fee2eeca20_0, L_0x7f1a20163018;
L_0x55fee2efdc30 .part o0x7f1a201af5b8, 0, 7;
L_0x55fee2efdcd0 .part o0x7f1a201af5b8, 12, 3;
L_0x55fee2efddf0 .part o0x7f1a201af5b8, 25, 7;
L_0x55fee2efdec0 .part o0x7f1a201af5b8, 7, 5;
L_0x55fee2efdf90 .part o0x7f1a201af5b8, 15, 5;
L_0x55fee2efe0a0 .part o0x7f1a201af5b8, 20, 5;
L_0x55fee2efe140 .part o0x7f1a201af5b8, 20, 5;
L_0x55fee2efe260 .part o0x7f1a201af5b8, 31, 1;
L_0x55fee2efe330 .part o0x7f1a201af5b8, 20, 12;
LS_0x55fee2efe460_0_0 .concat [ 1 1 1 1], L_0x55fee2efe260, L_0x55fee2efe260, L_0x55fee2efe260, L_0x55fee2efe260;
LS_0x55fee2efe460_0_4 .concat [ 1 1 1 1], L_0x55fee2efe260, L_0x55fee2efe260, L_0x55fee2efe260, L_0x55fee2efe260;
LS_0x55fee2efe460_0_8 .concat [ 1 1 1 1], L_0x55fee2efe260, L_0x55fee2efe260, L_0x55fee2efe260, L_0x55fee2efe260;
LS_0x55fee2efe460_0_12 .concat [ 1 1 1 1], L_0x55fee2efe260, L_0x55fee2efe260, L_0x55fee2efe260, L_0x55fee2efe260;
LS_0x55fee2efe460_0_16 .concat [ 1 1 1 0], L_0x55fee2efe260, L_0x55fee2efe260, L_0x55fee2efe260;
LS_0x55fee2efe460_1_0 .concat [ 4 4 4 4], LS_0x55fee2efe460_0_0, LS_0x55fee2efe460_0_4, LS_0x55fee2efe460_0_8, LS_0x55fee2efe460_0_12;
LS_0x55fee2efe460_1_4 .concat [ 3 0 0 0], LS_0x55fee2efe460_0_16;
L_0x55fee2efe460 .concat [ 16 3 0 0], LS_0x55fee2efe460_1_0, LS_0x55fee2efe460_1_4;
L_0x55fee2efe6f0 .part o0x7f1a201af5b8, 31, 1;
L_0x55fee2efe800 .part o0x7f1a201af5b8, 7, 1;
L_0x55fee2efe8d0 .part o0x7f1a201af5b8, 25, 6;
L_0x55fee2efea20 .part o0x7f1a201af5b8, 8, 4;
LS_0x55fee2efeb20_0_0 .concat [ 1 4 6 1], L_0x7f1a20163060, L_0x55fee2efea20, L_0x55fee2efe8d0, L_0x55fee2efe800;
LS_0x55fee2efeb20_0_4 .concat [ 1 19 0 0], L_0x55fee2efe6f0, L_0x55fee2efe460;
L_0x55fee2efeb20 .concat [ 12 20 0 0], LS_0x55fee2efeb20_0_0, LS_0x55fee2efeb20_0_4;
LS_0x55fee2efedc0_0_0 .concat [ 1 1 1 1], L_0x55fee2efe260, L_0x55fee2efe260, L_0x55fee2efe260, L_0x55fee2efe260;
LS_0x55fee2efedc0_0_4 .concat [ 1 1 1 1], L_0x55fee2efe260, L_0x55fee2efe260, L_0x55fee2efe260, L_0x55fee2efe260;
LS_0x55fee2efedc0_0_8 .concat [ 1 1 1 1], L_0x55fee2efe260, L_0x55fee2efe260, L_0x55fee2efe260, L_0x55fee2efe260;
LS_0x55fee2efedc0_0_12 .concat [ 1 1 1 1], L_0x55fee2efe260, L_0x55fee2efe260, L_0x55fee2efe260, L_0x55fee2efe260;
LS_0x55fee2efedc0_0_16 .concat [ 1 1 1 1], L_0x55fee2efe260, L_0x55fee2efe260, L_0x55fee2efe260, L_0x55fee2efe260;
LS_0x55fee2efedc0_1_0 .concat [ 4 4 4 4], LS_0x55fee2efedc0_0_0, LS_0x55fee2efedc0_0_4, LS_0x55fee2efedc0_0_8, LS_0x55fee2efedc0_0_12;
LS_0x55fee2efedc0_1_4 .concat [ 4 0 0 0], LS_0x55fee2efedc0_0_16;
L_0x55fee2efedc0 .concat [ 16 4 0 0], LS_0x55fee2efedc0_1_0, LS_0x55fee2efedc0_1_4;
L_0x55fee2efef10 .part o0x7f1a201af5b8, 20, 12;
L_0x55fee2eff050 .concat [ 12 20 0 0], L_0x55fee2efef10, L_0x55fee2efedc0;
LS_0x55fee2eff190_0_0 .concat [ 1 1 1 1], L_0x55fee2efe260, L_0x55fee2efe260, L_0x55fee2efe260, L_0x55fee2efe260;
LS_0x55fee2eff190_0_4 .concat [ 1 1 1 1], L_0x55fee2efe260, L_0x55fee2efe260, L_0x55fee2efe260, L_0x55fee2efe260;
LS_0x55fee2eff190_0_8 .concat [ 1 1 1 1], L_0x55fee2efe260, L_0x55fee2efe260, L_0x55fee2efe260, L_0x55fee2efe260;
LS_0x55fee2eff190_0_12 .concat [ 1 1 1 1], L_0x55fee2efe260, L_0x55fee2efe260, L_0x55fee2efe260, L_0x55fee2efe260;
LS_0x55fee2eff190_0_16 .concat [ 1 1 1 1], L_0x55fee2efe260, L_0x55fee2efe260, L_0x55fee2efe260, L_0x55fee2efe260;
LS_0x55fee2eff190_1_0 .concat [ 4 4 4 4], LS_0x55fee2eff190_0_0, LS_0x55fee2eff190_0_4, LS_0x55fee2eff190_0_8, LS_0x55fee2eff190_0_12;
LS_0x55fee2eff190_1_4 .concat [ 4 0 0 0], LS_0x55fee2eff190_0_16;
L_0x55fee2eff190 .concat [ 16 4 0 0], LS_0x55fee2eff190_1_0, LS_0x55fee2eff190_1_4;
L_0x55fee2efefb0 .part o0x7f1a201af5b8, 25, 7;
L_0x55fee2eff390 .part o0x7f1a201af5b8, 7, 5;
L_0x55fee2eff4f0 .concat [ 5 7 20 0], L_0x55fee2eff390, L_0x55fee2efefb0, L_0x55fee2eff190;
L_0x55fee2eff680 .part o0x7f1a201af5b8, 12, 20;
L_0x55fee2eff7f0 .concat [ 12 20 0 0], L_0x7f1a201630a8, L_0x55fee2eff680;
LS_0x55fee2eff960_0_0 .concat [ 1 1 1 1], L_0x55fee2efe260, L_0x55fee2efe260, L_0x55fee2efe260, L_0x55fee2efe260;
LS_0x55fee2eff960_0_4 .concat [ 1 1 1 1], L_0x55fee2efe260, L_0x55fee2efe260, L_0x55fee2efe260, L_0x55fee2efe260;
LS_0x55fee2eff960_0_8 .concat [ 1 1 1 0], L_0x55fee2efe260, L_0x55fee2efe260, L_0x55fee2efe260;
L_0x55fee2eff960 .concat [ 4 4 3 0], LS_0x55fee2eff960_0_0, LS_0x55fee2eff960_0_4, LS_0x55fee2eff960_0_8;
L_0x55fee2f002f0 .part o0x7f1a201af5b8, 31, 1;
L_0x55fee2f00390 .part o0x7f1a201af5b8, 12, 8;
L_0x55fee2f00550 .part o0x7f1a201af5b8, 20, 1;
L_0x55fee2f00620 .part o0x7f1a201af5b8, 21, 10;
LS_0x55fee2f00820_0_0 .concat [ 1 10 1 8], L_0x7f1a201630f0, L_0x55fee2f00620, L_0x55fee2f00550, L_0x55fee2f00390;
LS_0x55fee2f00820_0_4 .concat [ 1 11 0 0], L_0x55fee2f002f0, L_0x55fee2eff960;
L_0x55fee2f00820 .concat [ 20 12 0 0], LS_0x55fee2f00820_0_0, LS_0x55fee2f00820_0_4;
L_0x55fee2f00b20 .cmp/eq 7, L_0x55fee2efdc30, L_0x7f1a20163138;
L_0x55fee2f00d70 .cmp/eq 7, L_0x55fee2efdc30, L_0x7f1a20163180;
L_0x55fee2f00e60 .cmp/eq 7, L_0x55fee2efdc30, L_0x7f1a201631c8;
L_0x55fee2f01020 .cmp/eq 7, L_0x55fee2efdc30, L_0x7f1a20163210;
L_0x55fee2f01110 .cmp/eq 3, L_0x55fee2efdcd0, L_0x7f1a20163258;
L_0x55fee2f01330 .cmp/eq 7, L_0x55fee2efdc30, L_0x7f1a201632a0;
L_0x55fee2f013d0 .cmp/eq 3, L_0x55fee2efdcd0, L_0x7f1a201632e8;
L_0x55fee2f01710 .cmp/eq 7, L_0x55fee2efdc30, L_0x7f1a20163330;
L_0x55fee2f01800 .cmp/eq 3, L_0x55fee2efdcd0, L_0x7f1a20163378;
L_0x55fee2f01b90 .cmp/eq 7, L_0x55fee2efdc30, L_0x7f1a201633c0;
L_0x55fee2f01c80 .cmp/eq 3, L_0x55fee2efdcd0, L_0x7f1a20163408;
L_0x55fee2f01fe0 .cmp/eq 7, L_0x55fee2efdc30, L_0x7f1a20163450;
L_0x55fee2f020d0 .cmp/eq 3, L_0x55fee2efdcd0, L_0x7f1a20163498;
L_0x55fee2f02470 .cmp/eq 7, L_0x55fee2efdc30, L_0x7f1a201634e0;
L_0x55fee2f02560 .cmp/eq 3, L_0x55fee2efdcd0, L_0x7f1a20163528;
L_0x55fee2f02950 .cmp/eq 7, L_0x55fee2efdc30, L_0x7f1a20163570;
L_0x55fee2f02a40 .cmp/eq 3, L_0x55fee2efdcd0, L_0x7f1a201635b8;
L_0x55fee2f02dd0 .cmp/eq 7, L_0x55fee2efdc30, L_0x7f1a20163600;
L_0x55fee2f02ec0 .cmp/eq 3, L_0x55fee2efdcd0, L_0x7f1a20163648;
L_0x55fee2f032e0 .cmp/eq 7, L_0x55fee2efdc30, L_0x7f1a20163690;
L_0x55fee2f033d0 .cmp/eq 3, L_0x55fee2efdcd0, L_0x7f1a201636d8;
L_0x55fee2f037b0 .cmp/eq 7, L_0x55fee2efdc30, L_0x7f1a20163720;
L_0x55fee2f038a0 .cmp/eq 3, L_0x55fee2efdcd0, L_0x7f1a20163768;
L_0x55fee2f03cf0 .cmp/eq 7, L_0x55fee2efdc30, L_0x7f1a201637b0;
L_0x55fee2f03d90 .cmp/eq 3, L_0x55fee2efdcd0, L_0x7f1a201637f8;
L_0x55fee2f04190 .cmp/eq 7, L_0x55fee2efdc30, L_0x7f1a20163840;
L_0x55fee2f04280 .cmp/eq 3, L_0x55fee2efdcd0, L_0x7f1a20163888;
L_0x55fee2f04700 .cmp/eq 7, L_0x55fee2efdc30, L_0x7f1a201638d0;
L_0x55fee2f04a00 .cmp/eq 3, L_0x55fee2efdcd0, L_0x7f1a20163918;
L_0x55fee2f04e20 .cmp/eq 7, L_0x55fee2efdc30, L_0x7f1a20163960;
L_0x55fee2f04f10 .cmp/eq 3, L_0x55fee2efdcd0, L_0x7f1a201639a8;
L_0x55fee2f05390 .cmp/eq 7, L_0x55fee2efdc30, L_0x7f1a201639f0;
L_0x55fee2f05480 .cmp/eq 3, L_0x55fee2efdcd0, L_0x7f1a20163a38;
L_0x55fee2f05a60 .cmp/eq 7, L_0x55fee2efdc30, L_0x7f1a20163a80;
L_0x55fee2f05b50 .cmp/eq 3, L_0x55fee2efdcd0, L_0x7f1a20163ac8;
L_0x55fee2f06030 .cmp/eq 7, L_0x55fee2efdc30, L_0x7f1a20163b10;
L_0x55fee2f06120 .cmp/eq 3, L_0x55fee2efdcd0, L_0x7f1a20163b58;
L_0x55fee2f06580 .cmp/eq 7, L_0x55fee2efdc30, L_0x7f1a20163ba0;
L_0x55fee2f06670 .cmp/eq 3, L_0x55fee2efdcd0, L_0x7f1a20163be8;
L_0x55fee2f06b80 .cmp/eq 7, L_0x55fee2efdc30, L_0x7f1a20163c30;
L_0x55fee2f06c70 .cmp/eq 3, L_0x55fee2efdcd0, L_0x7f1a20163c78;
L_0x55fee2f070f0 .cmp/eq 7, L_0x55fee2efdc30, L_0x7f1a20163cc0;
L_0x55fee2f071e0 .cmp/eq 3, L_0x55fee2efdcd0, L_0x7f1a20163d08;
L_0x55fee2f06ae0 .cmp/eq 7, L_0x55fee2efdc30, L_0x7f1a20163d50;
L_0x55fee2f07770 .cmp/eq 3, L_0x55fee2efdcd0, L_0x7f1a20163d98;
L_0x55fee2f07c10 .cmp/eq 7, L_0x55fee2efdc30, L_0x7f1a20163de0;
L_0x55fee2f07d00 .cmp/eq 3, L_0x55fee2efdcd0, L_0x7f1a20163e28;
L_0x55fee2f08270 .cmp/eq 7, L_0x55fee2efdc30, L_0x7f1a20163e70;
L_0x55fee2f08360 .cmp/eq 3, L_0x55fee2efdcd0, L_0x7f1a20163eb8;
L_0x55fee2f08820 .cmp/eq 7, L_0x55fee2efddf0, L_0x7f1a20163f00;
L_0x55fee2f08b40 .cmp/eq 7, L_0x55fee2efdc30, L_0x7f1a20163f48;
L_0x55fee2f08ed0 .cmp/eq 3, L_0x55fee2efdcd0, L_0x7f1a20163f90;
L_0x55fee2f090d0 .cmp/eq 7, L_0x55fee2efddf0, L_0x7f1a20163fd8;
L_0x55fee2f09660 .cmp/eq 7, L_0x55fee2efdc30, L_0x7f1a20164020;
L_0x55fee2f09750 .cmp/eq 3, L_0x55fee2efdcd0, L_0x7f1a20164068;
L_0x55fee2f09c40 .cmp/eq 7, L_0x55fee2efddf0, L_0x7f1a201640b0;
L_0x55fee2f09ee0 .cmp/eq 7, L_0x55fee2efdc30, L_0x7f1a201640f8;
L_0x55fee2f0a2a0 .cmp/eq 3, L_0x55fee2efdcd0, L_0x7f1a20164140;
L_0x55fee2f0a4d0 .cmp/eq 7, L_0x55fee2efddf0, L_0x7f1a20164188;
L_0x55fee2f0aab0 .cmp/eq 7, L_0x55fee2efdc30, L_0x7f1a201641d0;
L_0x55fee2f0aba0 .cmp/eq 3, L_0x55fee2efdcd0, L_0x7f1a20164218;
L_0x55fee2f0b0c0 .cmp/eq 7, L_0x55fee2efddf0, L_0x7f1a20164260;
L_0x55fee2f0b3d0 .cmp/eq 7, L_0x55fee2efdc30, L_0x7f1a201642a8;
L_0x55fee2f0bbd0 .cmp/eq 3, L_0x55fee2efdcd0, L_0x7f1a201642f0;
L_0x55fee2f0bdd0 .cmp/eq 7, L_0x55fee2efddf0, L_0x7f1a20164338;
L_0x55fee2f0c430 .cmp/eq 7, L_0x55fee2efdc30, L_0x7f1a20164380;
L_0x55fee2f0c520 .cmp/eq 3, L_0x55fee2efdcd0, L_0x7f1a201643c8;
L_0x55fee2f0ca70 .cmp/eq 7, L_0x55fee2efddf0, L_0x7f1a20164410;
L_0x55fee2f0c310 .cmp/eq 7, L_0x55fee2efdc30, L_0x7f1a20164458;
L_0x55fee2f0d0d0 .cmp/eq 3, L_0x55fee2efdcd0, L_0x7f1a201644a0;
L_0x55fee2f0d2d0 .cmp/eq 7, L_0x55fee2efddf0, L_0x7f1a201644e8;
L_0x55fee2f0d950 .cmp/eq 7, L_0x55fee2efdc30, L_0x7f1a20164530;
L_0x55fee2f0da40 .cmp/eq 3, L_0x55fee2efdcd0, L_0x7f1a20164578;
L_0x55fee2f0e3d0 .cmp/eq 7, L_0x55fee2efddf0, L_0x7f1a201645c0;
L_0x55fee2f0e720 .cmp/eq 7, L_0x55fee2efdc30, L_0x7f1a20164608;
L_0x55fee2f0eb70 .cmp/eq 3, L_0x55fee2efdcd0, L_0x7f1a20164650;
L_0x55fee2f0eda0 .cmp/eq 7, L_0x55fee2efddf0, L_0x7f1a20164698;
L_0x55fee2f0f470 .cmp/eq 7, L_0x55fee2efdc30, L_0x7f1a201646e0;
L_0x55fee2f0f560 .cmp/eq 3, L_0x55fee2efdcd0, L_0x7f1a20164728;
L_0x55fee2f0fb10 .cmp/eq 7, L_0x55fee2efddf0, L_0x7f1a20164770;
L_0x55fee2f0fe80 .cmp/eq 7, L_0x55fee2efdc30, L_0x7f1a201647b8;
L_0x55fee2f10300 .cmp/eq 3, L_0x55fee2efdcd0, L_0x7f1a20164800;
L_0x55fee2f10530 .cmp/eq 7, L_0x55fee2efddf0, L_0x7f1a20164848;
L_0x55fee2f10c50 .cmp/eq 7, L_0x55fee2efdc30, L_0x7f1a20164890;
L_0x55fee2f10d40 .cmp/eq 3, L_0x55fee2efdcd0, L_0x7f1a201648d8;
L_0x55fee2f11320 .cmp/eq 7, L_0x55fee2efddf0, L_0x7f1a20164920;
L_0x55fee2f11f50 .functor MUXZ 32, v0x55fee2ee94b0_0, v0x55fee2eec780_0, L_0x55fee2f11e40, C4<>;
L_0x55fee2f12400 .concat [ 5 27 0 0], L_0x55fee2efdf90, L_0x7f1a20164968;
L_0x55fee2f12540 .cmp/eq 32, L_0x55fee2f12400, L_0x7f1a201649b0;
L_0x55fee2f12a50 .array/port v0x55fee2eecd80, L_0x55fee2f12fc0;
L_0x55fee2f12af0 .concat [ 5 2 0 0], L_0x55fee2efdf90, L_0x7f1a20164a40;
L_0x55fee2f12fc0 .arith/sub 7, L_0x55fee2f12af0, L_0x7f1a20164a88;
L_0x55fee2f131c0 .functor MUXZ 32, L_0x55fee2f12a50, L_0x7f1a201649f8, L_0x55fee2f12540, C4<>;
L_0x55fee2f13740 .concat [ 5 27 0 0], L_0x55fee2efe0a0, L_0x7f1a20164ad0;
L_0x55fee2f13880 .cmp/eq 32, L_0x55fee2f13740, L_0x7f1a20164b18;
L_0x55fee2f13dc0 .array/port v0x55fee2eecd80, L_0x55fee2f14360;
L_0x55fee2f13e60 .concat [ 5 2 0 0], L_0x55fee2efe0a0, L_0x7f1a20164ba8;
L_0x55fee2f14360 .arith/sub 7, L_0x55fee2f13e60, L_0x7f1a20164bf0;
L_0x55fee2f144f0 .functor MUXZ 32, L_0x55fee2f13dc0, L_0x7f1a20164b60, L_0x55fee2f13880, C4<>;
L_0x55fee2f14aa0 .part v0x55fee2ee94b0_0, 31, 1;
L_0x55fee2f14b90 .part v0x55fee2ee94b0_0, 30, 1;
L_0x55fee2f147f0 .part v0x55fee2ee94b0_0, 29, 1;
L_0x55fee2f15390 .concat [ 1 1 1 1], L_0x55fee2f152d0, L_0x55fee2f152d0, L_0x55fee2f152d0, L_0x55fee2f152d0;
L_0x55fee2f14fb0 .concat [ 1 1 1 1], L_0x55fee2f14900, L_0x55fee2f14900, L_0x55fee2f14900, L_0x55fee2f14900;
    .scope S_0x55fee2e34d50;
T_0 ;
    %wait E_0x55fee2e36a10;
    %load/vec4 v0x55fee2ee9810_0;
    %nor/r;
    %flag_set/vec4 8;
    %jmp/0xz  T_0.0, 8;
    %pushi/vec4 0, 0, 32;
    %assign/vec4 v0x55fee2eeca20_0, 0;
    %jmp T_0.1;
T_0.0 ;
    %load/vec4 v0x55fee2eec860_0;
    %assign/vec4 v0x55fee2eeca20_0, 0;
T_0.1 ;
    %jmp T_0;
    .thread T_0;
    .scope S_0x55fee2e34d50;
T_1 ;
    %wait E_0x55fee2e37290;
    %load/vec4 v0x55fee2eed760_0;
    %load/vec4 v0x55fee2eecbe0_0;
    %pad/u 32;
    %pushi/vec4 0, 0, 32;
    %cmp/e;
    %flag_get/vec4 4;
    %inv;
    %and;
    %flag_set/vec4 8;
    %jmp/0xz  T_1.0, 8;
    %load/vec4 v0x55fee2ee9a90_0;
    %load/vec4 v0x55fee2eecbe0_0;
    %pad/u 7;
    %subi 1, 0, 7;
    %ix/vec4 3;
    %ix/load 4, 0, 0; Constant delay
    %assign/vec4/a/d v0x55fee2eecd80, 0, 4;
T_1.0 ;
    %jmp T_1;
    .thread T_1;
    .scope S_0x55fee2e34d50;
T_2 ;
    %wait E_0x55fee2e374e0;
    %pushi/vec4 0, 0, 32;
    %store/vec4 v0x55fee2ee94b0_0, 0, 32;
    %pushi/vec4 0, 0, 32;
    %store/vec4 v0x55fee2eec780_0, 0, 32;
    %pushi/vec4 0, 0, 32;
    %store/vec4 v0x55fee2eec6a0_0, 0, 32;
    %pushi/vec4 0, 0, 1;
    %store/vec4 v0x55fee2eed760_0, 0, 1;
    %pushi/vec4 0, 0, 4;
    %store/vec4 v0x55fee2eed680_0, 0, 4;
    %pushi/vec4 0, 0, 1;
    %store/vec4 v0x55fee2eece40_0, 0, 1;
    %pushi/vec4 1, 0, 1;
    %store/vec4 v0x55fee2eec440_0, 0, 1;
    %pushi/vec4 1, 0, 1;
    %store/vec4 v0x55fee2eec500_0, 0, 1;
    %load/vec4 v0x55fee2ee9590_0;
    %store/vec4 v0x55fee2ee99b0_0, 0, 32;
    %load/vec4 v0x55fee2eecb00_0;
    %store/vec4 v0x55fee2eec860_0, 0, 32;
    %pushi/vec4 1, 0, 1;
    %dup/vec4;
    %load/vec4 v0x55fee2ee9d30_0;
    %cmp/u;
    %jmp/1 T_2.0, 6;
    %dup/vec4;
    %load/vec4 v0x55fee2eebf80_0;
    %cmp/u;
    %jmp/1 T_2.1, 6;
    %dup/vec4;
    %load/vec4 v0x55fee2ee9eb0_0;
    %cmp/u;
    %jmp/1 T_2.2, 6;
    %dup/vec4;
    %load/vec4 v0x55fee2eeb560_0;
    %cmp/u;
    %jmp/1 T_2.3, 6;
    %dup/vec4;
    %load/vec4 v0x55fee2eec100_0;
    %cmp/u;
    %jmp/1 T_2.4, 6;
    %dup/vec4;
    %load/vec4 v0x55fee2eeb800_0;
    %cmp/u;
    %jmp/1 T_2.5, 6;
    %dup/vec4;
    %load/vec4 v0x55fee2eebe00_0;
    %cmp/u;
    %jmp/1 T_2.6, 6;
    %dup/vec4;
    %load/vec4 v0x55fee2eebc80_0;
    %cmp/u;
    %jmp/1 T_2.7, 6;
    %dup/vec4;
    %load/vec4 v0x55fee2eeb8c0_0;
    %cmp/u;
    %jmp/1 T_2.8, 6;
    %dup/vec4;
    %load/vec4 v0x55fee2eebec0_0;
    %cmp/u;
    %jmp/1 T_2.9, 6;
    %dup/vec4;
    %load/vec4 v0x55fee2eebd40_0;
    %cmp/u;
    %jmp/1 T_2.10, 6;
    %dup/vec4;
    %load/vec4 v0x55fee2eeb980_0;
    %cmp/u;
    %jmp/1 T_2.11, 6;
    %dup/vec4;
    %load/vec4 v0x55fee2eebbc0_0;
    %cmp/u;
    %jmp/1 T_2.12, 6;
    %dup/vec4;
    %load/vec4 v0x55fee2ee9df0_0;
    %cmp/u;
    %jmp/1 T_2.13, 6;
    %dup/vec4;
    %load/vec4 v0x55fee2ee9f70_0;
    %cmp/u;
    %jmp/1 T_2.14, 6;
    %dup/vec4;
    %load/vec4 v0x55fee2eeb600_0;
    %cmp/u;
    %jmp/1 T_2.15, 6;
    %dup/vec4;
    %load/vec4 v0x55fee2eec1c0_0;
    %cmp/u;
    %jmp/1 T_2.16, 6;
    %dup/vec4;
    %load/vec4 v0x55fee2eeba40_0;
    %cmp/u;
    %jmp/1 T_2.17, 6;
    %dup/vec4;
    %load/vec4 v0x55fee2eebb00_0;
    %cmp/u;
    %jmp/1 T_2.18, 6;
    %dup/vec4;
    %load/vec4 v0x55fee2ee3920_0;
    %cmp/u;
    %jmp/1 T_2.19, 6;
    %dup/vec4;
    %load/vec4 v0x55fee2ee3560_0;
    %cmp/u;
    %jmp/1 T_2.20, 6;
    %dup/vec4;
    %load/vec4 v0x55fee2ee34a0_0;
    %cmp/u;
    %jmp/1 T_2.21, 6;
    %dup/vec4;
    %load/vec4 v0x55fee2ee36e0_0;
    %cmp/u;
    %jmp/1 T_2.22, 6;
    %dup/vec4;
    %load/vec4 v0x55fee2ee3620_0;
    %cmp/u;
    %jmp/1 T_2.23, 6;
    %dup/vec4;
    %load/vec4 v0x55fee2eeb6a0_0;
    %cmp/u;
    %jmp/1 T_2.24, 6;
    %dup/vec4;
    %load/vec4 v0x55fee2eeb740_0;
    %cmp/u;
    %jmp/1 T_2.25, 6;
    %dup/vec4;
    %load/vec4 v0x55fee2eec040_0;
    %cmp/u;
    %jmp/1 T_2.26, 6;
    %dup/vec4;
    %load/vec4 v0x55fee2eea0f0_0;
    %cmp/u;
    %jmp/1 T_2.27, 6;
    %dup/vec4;
    %load/vec4 v0x55fee2eea4b0_0;
    %cmp/u;
    %jmp/1 T_2.28, 6;
    %dup/vec4;
    %load/vec4 v0x55fee2eea330_0;
    %cmp/u;
    %jmp/1 T_2.29, 6;
    %dup/vec4;
    %load/vec4 v0x55fee2eea1b0_0;
    %cmp/u;
    %jmp/1 T_2.30, 6;
    %dup/vec4;
    %load/vec4 v0x55fee2eea3f0_0;
    %cmp/u;
    %jmp/1 T_2.31, 6;
    %dup/vec4;
    %load/vec4 v0x55fee2eea270_0;
    %cmp/u;
    %jmp/1 T_2.32, 6;
    %dup/vec4;
    %load/vec4 v0x55fee2eea030_0;
    %cmp/u;
    %jmp/1 T_2.33, 6;
    %dup/vec4;
    %load/vec4 v0x55fee2ee3860_0;
    %cmp/u;
    %jmp/1 T_2.34, 6;
    %dup/vec4;
    %load/vec4 v0x55fee2ee3320_0;
    %cmp/u;
    %jmp/1 T_2.35, 6;
    %dup/vec4;
    %load/vec4 v0x55fee2ee33e0_0;
    %cmp/u;
    %jmp/1 T_2.36, 6;
    %dup/vec4;
    %load/vec4 v0x55fee2ee3260_0;
    %cmp/u;
    %jmp/1 T_2.37, 6;
    %jmp T_2.39;
T_2.0 ;
    %load/vec4 v0x55fee2ee93d0_0;
    %load/vec4 v0x55fee2ee9590_0;
    %add;
    %store/vec4 v0x55fee2ee94b0_0, 0, 32;
    %pushi/vec4 1, 0, 1;
    %store/vec4 v0x55fee2eed760_0, 0, 1;
    %jmp T_2.39;
T_2.1 ;
    %load/vec4 v0x55fee2ee93d0_0;
    %load/vec4 v0x55fee2ee9590_0;
    %sub;
    %store/vec4 v0x55fee2ee94b0_0, 0, 32;
    %pushi/vec4 1, 0, 1;
    %store/vec4 v0x55fee2eed760_0, 0, 1;
    %jmp T_2.39;
T_2.2 ;
    %load/vec4 v0x55fee2ee93d0_0;
    %load/vec4 v0x55fee2ee9590_0;
    %and;
    %store/vec4 v0x55fee2ee94b0_0, 0, 32;
    %pushi/vec4 1, 0, 1;
    %store/vec4 v0x55fee2eed760_0, 0, 1;
    %jmp T_2.39;
T_2.3 ;
    %load/vec4 v0x55fee2ee93d0_0;
    %load/vec4 v0x55fee2ee9590_0;
    %or;
    %store/vec4 v0x55fee2ee94b0_0, 0, 32;
    %pushi/vec4 1, 0, 1;
    %store/vec4 v0x55fee2eed760_0, 0, 1;
    %jmp T_2.39;
T_2.4 ;
    %load/vec4 v0x55fee2ee93d0_0;
    %load/vec4 v0x55fee2ee9590_0;
    %xor;
    %store/vec4 v0x55fee2ee94b0_0, 0, 32;
    %pushi/vec4 1, 0, 1;
    %store/vec4 v0x55fee2eed760_0, 0, 1;
    %jmp T_2.39;
T_2.5 ;
    %load/vec4 v0x55fee2ee93d0_0;
    %load/vec4 v0x55fee2ee9590_0;
    %parti/s 5, 0, 2;
    %ix/vec4 4;
    %shiftl 4;
    %store/vec4 v0x55fee2ee94b0_0, 0, 32;
    %pushi/vec4 1, 0, 1;
    %store/vec4 v0x55fee2eed760_0, 0, 1;
    %jmp T_2.39;
T_2.6 ;
    %load/vec4 v0x55fee2ee93d0_0;
    %load/vec4 v0x55fee2ee9590_0;
    %parti/s 5, 0, 2;
    %ix/vec4 4;
    %shiftr 4;
    %store/vec4 v0x55fee2ee94b0_0, 0, 32;
    %pushi/vec4 1, 0, 1;
    %store/vec4 v0x55fee2eed760_0, 0, 1;
    %jmp T_2.39;
T_2.7 ;
    %load/vec4 v0x55fee2ee93d0_0;
    %load/vec4 v0x55fee2ee9590_0;
    %parti/s 5, 0, 2;
    %ix/vec4 4;
    %shiftr/s 4;
    %store/vec4 v0x55fee2ee94b0_0, 0, 32;
    %pushi/vec4 1, 0, 1;
    %store/vec4 v0x55fee2eed760_0, 0, 1;
    %jmp T_2.39;
T_2.8 ;
    %load/vec4 v0x55fee2ee93d0_0;
    %ix/getv 4, v0x55fee2eed180_0;
    %shiftl 4;
    %store/vec4 v0x55fee2ee94b0_0, 0, 32;
    %pushi/vec4 1, 0, 1;
    %store/vec4 v0x55fee2eed760_0, 0, 1;
    %jmp T_2.39;
T_2.9 ;
    %load/vec4 v0x55fee2ee93d0_0;
    %ix/getv 4, v0x55fee2eed180_0;
    %shiftr 4;
    %store/vec4 v0x55fee2ee94b0_0, 0, 32;
    %pushi/vec4 1, 0, 1;
    %store/vec4 v0x55fee2eed760_0, 0, 1;
    %jmp T_2.39;
T_2.10 ;
    %load/vec4 v0x55fee2ee93d0_0;
    %ix/getv 4, v0x55fee2eed180_0;
    %shiftr/s 4;
    %store/vec4 v0x55fee2ee94b0_0, 0, 32;
    %pushi/vec4 1, 0, 1;
    %store/vec4 v0x55fee2eed760_0, 0, 1;
    %jmp T_2.39;
T_2.11 ;
    %load/vec4 v0x55fee2ee93d0_0;
    %load/vec4 v0x55fee2ee9590_0;
    %cmp/s;
    %jmp/0xz  T_2.40, 5;
    %pushi/vec4 1, 0, 32;
    %store/vec4 v0x55fee2ee94b0_0, 0, 32;
T_2.40 ;
    %jmp T_2.39;
T_2.12 ;
    %pushi/vec4 0, 0, 1;
    %load/vec4 v0x55fee2ee93d0_0;
    %concat/vec4; draw_concat_vec4
    %pushi/vec4 0, 0, 1;
    %load/vec4 v0x55fee2ee9590_0;
    %concat/vec4; draw_concat_vec4
    %cmp/u;
    %jmp/0xz  T_2.42, 5;
    %pushi/vec4 1, 0, 32;
    %store/vec4 v0x55fee2ee94b0_0, 0, 32;
T_2.42 ;
    %jmp T_2.39;
T_2.13 ;
    %load/vec4 v0x55fee2ee93d0_0;
    %load/vec4 v0x55fee2eed320_0;
    %add;
    %store/vec4 v0x55fee2ee94b0_0, 0, 32;
    %pushi/vec4 1, 0, 1;
    %store/vec4 v0x55fee2eed760_0, 0, 1;
    %jmp T_2.39;
T_2.14 ;
    %load/vec4 v0x55fee2ee93d0_0;
    %load/vec4 v0x55fee2eed320_0;
    %and;
    %store/vec4 v0x55fee2ee94b0_0, 0, 32;
    %pushi/vec4 1, 0, 1;
    %store/vec4 v0x55fee2eed760_0, 0, 1;
    %jmp T_2.39;
T_2.15 ;
    %load/vec4 v0x55fee2ee93d0_0;
    %load/vec4 v0x55fee2eed320_0;
    %or;
    %store/vec4 v0x55fee2ee94b0_0, 0, 32;
    %pushi/vec4 1, 0, 1;
    %store/vec4 v0x55fee2eed760_0, 0, 1;
    %jmp T_2.39;
T_2.16 ;
    %load/vec4 v0x55fee2ee93d0_0;
    %load/vec4 v0x55fee2eed320_0;
    %xor;
    %store/vec4 v0x55fee2ee94b0_0, 0, 32;
    %pushi/vec4 1, 0, 1;
    %store/vec4 v0x55fee2eed760_0, 0, 1;
    %jmp T_2.39;
T_2.17 ;
    %load/vec4 v0x55fee2ee93d0_0;
    %load/vec4 v0x55fee2eed320_0;
    %cmp/s;
    %jmp/0xz  T_2.44, 5;
    %pushi/vec4 1, 0, 32;
    %store/vec4 v0x55fee2ee94b0_0, 0, 32;
T_2.44 ;
    %jmp T_2.39;
T_2.18 ;
    %pushi/vec4 0, 0, 1;
    %load/vec4 v0x55fee2ee93d0_0;
    %concat/vec4; draw_concat_vec4
    %pushi/vec4 0, 0, 1;
    %load/vec4 v0x55fee2eed320_0;
    %concat/vec4; draw_concat_vec4
    %cmp/u;
    %jmp/0xz  T_2.46, 5;
    %pushi/vec4 1, 0, 32;
    %store/vec4 v0x55fee2ee94b0_0, 0, 32;
T_2.46 ;
    %jmp T_2.39;
T_2.19 ;
    %load/vec4 v0x55fee2ee93d0_0;
    %load/vec4 v0x55fee2eed320_0;
    %add;
    %store/vec4 v0x55fee2ee94b0_0, 0, 32;
    %load/vec4 v0x55fee2ee94b0_0;
    %parti/s 30, 2, 3;
    %concati/vec4 0, 0, 2;
    %store/vec4 v0x55fee2eec6a0_0, 0, 32;
    %pushi/vec4 1, 0, 1;
    %store/vec4 v0x55fee2eece40_0, 0, 1;
    %load/vec4 v0x55fee2ee98d0_0;
    %store/vec4 v0x55fee2eec780_0, 0, 32;
    %pushi/vec4 1, 0, 1;
    %store/vec4 v0x55fee2eed760_0, 0, 1;
    %jmp T_2.39;
T_2.20 ;
    %load/vec4 v0x55fee2ee93d0_0;
    %load/vec4 v0x55fee2eed320_0;
    %add;
    %store/vec4 v0x55fee2ee94b0_0, 0, 32;
    %load/vec4 v0x55fee2ee94b0_0;
    %store/vec4 v0x55fee2eec6a0_0, 0, 32;
    %pushi/vec4 1, 0, 1;
    %store/vec4 v0x55fee2eece40_0, 0, 1;
    %load/vec4 v0x55fee2eec6a0_0;
    %parti/s 2, 0, 2;
    %dup/vec4;
    %pushi/vec4 0, 0, 2;
    %cmp/u;
    %jmp/1 T_2.48, 6;
    %dup/vec4;
    %pushi/vec4 1, 0, 2;
    %cmp/u;
    %jmp/1 T_2.49, 6;
    %dup/vec4;
    %pushi/vec4 2, 0, 2;
    %cmp/u;
    %jmp/1 T_2.50, 6;
    %dup/vec4;
    %pushi/vec4 3, 0, 2;
    %cmp/u;
    %jmp/1 T_2.51, 6;
    %jmp T_2.52;
T_2.48 ;
    %pushi/vec4 0, 0, 24;
    %load/vec4 v0x55fee2ee98d0_0;
    %parti/s 8, 0, 2;
    %concat/vec4; draw_concat_vec4
    %store/vec4 v0x55fee2eec780_0, 0, 32;
    %jmp T_2.52;
T_2.49 ;
    %pushi/vec4 0, 0, 24;
    %load/vec4 v0x55fee2ee98d0_0;
    %parti/s 8, 8, 5;
    %concat/vec4; draw_concat_vec4
    %store/vec4 v0x55fee2eec780_0, 0, 32;
    %jmp T_2.52;
T_2.50 ;
    %pushi/vec4 0, 0, 24;
    %load/vec4 v0x55fee2ee98d0_0;
    %parti/s 8, 16, 6;
    %concat/vec4; draw_concat_vec4
    %store/vec4 v0x55fee2eec780_0, 0, 32;
    %jmp T_2.52;
T_2.51 ;
    %pushi/vec4 0, 0, 24;
    %load/vec4 v0x55fee2ee98d0_0;
    %parti/s 8, 24, 6;
    %concat/vec4; draw_concat_vec4
    %store/vec4 v0x55fee2eec780_0, 0, 32;
    %jmp T_2.52;
T_2.52 ;
    %pop/vec4 1;
    %pushi/vec4 1, 0, 1;
    %store/vec4 v0x55fee2eed760_0, 0, 1;
    %jmp T_2.39;
T_2.21 ;
    %load/vec4 v0x55fee2ee93d0_0;
    %load/vec4 v0x55fee2eed320_0;
    %add;
    %store/vec4 v0x55fee2ee94b0_0, 0, 32;
    %load/vec4 v0x55fee2ee94b0_0;
    %store/vec4 v0x55fee2eec6a0_0, 0, 32;
    %pushi/vec4 1, 0, 1;
    %store/vec4 v0x55fee2eece40_0, 0, 1;
    %load/vec4 v0x55fee2eec6a0_0;
    %parti/s 2, 0, 2;
    %dup/vec4;
    %pushi/vec4 0, 0, 2;
    %cmp/u;
    %jmp/1 T_2.53, 6;
    %dup/vec4;
    %pushi/vec4 1, 0, 2;
    %cmp/u;
    %jmp/1 T_2.54, 6;
    %dup/vec4;
    %pushi/vec4 2, 0, 2;
    %cmp/u;
    %jmp/1 T_2.55, 6;
    %dup/vec4;
    %pushi/vec4 3, 0, 2;
    %cmp/u;
    %jmp/1 T_2.56, 6;
    %jmp T_2.57;
T_2.53 ;
    %load/vec4 v0x55fee2ee98d0_0;
    %parti/s 1, 7, 4;
    %replicate 24;
    %load/vec4 v0x55fee2ee98d0_0;
    %parti/s 8, 0, 2;
    %concat/vec4; draw_concat_vec4
    %store/vec4 v0x55fee2eec780_0, 0, 32;
    %jmp T_2.57;
T_2.54 ;
    %load/vec4 v0x55fee2ee98d0_0;
    %parti/s 1, 15, 5;
    %replicate 24;
    %load/vec4 v0x55fee2ee98d0_0;
    %parti/s 8, 8, 5;
    %concat/vec4; draw_concat_vec4
    %store/vec4 v0x55fee2eec780_0, 0, 32;
    %jmp T_2.57;
T_2.55 ;
    %load/vec4 v0x55fee2ee98d0_0;
    %parti/s 1, 23, 6;
    %replicate 24;
    %load/vec4 v0x55fee2ee98d0_0;
    %parti/s 8, 16, 6;
    %concat/vec4; draw_concat_vec4
    %store/vec4 v0x55fee2eec780_0, 0, 32;
    %jmp T_2.57;
T_2.56 ;
    %load/vec4 v0x55fee2ee98d0_0;
    %parti/s 1, 31, 6;
    %replicate 24;
    %load/vec4 v0x55fee2ee98d0_0;
    %parti/s 8, 24, 6;
    %concat/vec4; draw_concat_vec4
    %store/vec4 v0x55fee2eec780_0, 0, 32;
    %jmp T_2.57;
T_2.57 ;
    %pop/vec4 1;
    %pushi/vec4 1, 0, 1;
    %store/vec4 v0x55fee2eed760_0, 0, 1;
    %jmp T_2.39;
T_2.22 ;
    %load/vec4 v0x55fee2ee93d0_0;
    %load/vec4 v0x55fee2eed320_0;
    %add;
    %store/vec4 v0x55fee2ee94b0_0, 0, 32;
    %load/vec4 v0x55fee2ee94b0_0;
    %parti/s 31, 1, 2;
    %concati/vec4 0, 0, 1;
    %store/vec4 v0x55fee2eec6a0_0, 0, 32;
    %pushi/vec4 1, 0, 1;
    %store/vec4 v0x55fee2eece40_0, 0, 1;
    %load/vec4 v0x55fee2eec6a0_0;
    %parti/s 1, 1, 2;
    %dup/vec4;
    %pushi/vec4 0, 0, 1;
    %cmp/u;
    %jmp/1 T_2.58, 6;
    %dup/vec4;
    %pushi/vec4 1, 0, 1;
    %cmp/u;
    %jmp/1 T_2.59, 6;
    %jmp T_2.60;
T_2.58 ;
    %pushi/vec4 0, 0, 16;
    %load/vec4 v0x55fee2ee98d0_0;
    %parti/s 16, 0, 2;
    %concat/vec4; draw_concat_vec4
    %store/vec4 v0x55fee2eec780_0, 0, 32;
    %jmp T_2.60;
T_2.59 ;
    %pushi/vec4 0, 0, 16;
    %load/vec4 v0x55fee2ee98d0_0;
    %parti/s 16, 16, 6;
    %concat/vec4; draw_concat_vec4
    %store/vec4 v0x55fee2eec780_0, 0, 32;
    %jmp T_2.60;
T_2.60 ;
    %pop/vec4 1;
    %pushi/vec4 1, 0, 1;
    %store/vec4 v0x55fee2eed760_0, 0, 1;
    %jmp T_2.39;
T_2.23 ;
    %load/vec4 v0x55fee2ee93d0_0;
    %load/vec4 v0x55fee2eed320_0;
    %add;
    %store/vec4 v0x55fee2ee94b0_0, 0, 32;
    %load/vec4 v0x55fee2ee94b0_0;
    %parti/s 31, 1, 2;
    %concati/vec4 0, 0, 1;
    %store/vec4 v0x55fee2eec6a0_0, 0, 32;
    %pushi/vec4 1, 0, 1;
    %store/vec4 v0x55fee2eece40_0, 0, 1;
    %load/vec4 v0x55fee2eec6a0_0;
    %parti/s 1, 1, 2;
    %dup/vec4;
    %pushi/vec4 0, 0, 1;
    %cmp/u;
    %jmp/1 T_2.61, 6;
    %dup/vec4;
    %pushi/vec4 1, 0, 1;
    %cmp/u;
    %jmp/1 T_2.62, 6;
    %jmp T_2.63;
T_2.61 ;
    %load/vec4 v0x55fee2ee98d0_0;
    %parti/s 1, 15, 5;
    %replicate 16;
    %load/vec4 v0x55fee2ee98d0_0;
    %parti/s 16, 0, 2;
    %concat/vec4; draw_concat_vec4
    %store/vec4 v0x55fee2eec780_0, 0, 32;
    %jmp T_2.63;
T_2.62 ;
    %load/vec4 v0x55fee2ee98d0_0;
    %parti/s 1, 31, 6;
    %replicate 16;
    %load/vec4 v0x55fee2ee98d0_0;
    %parti/s 16, 16, 6;
    %concat/vec4; draw_concat_vec4
    %store/vec4 v0x55fee2eec780_0, 0, 32;
    %jmp T_2.63;
T_2.63 ;
    %pop/vec4 1;
    %pushi/vec4 1, 0, 1;
    %store/vec4 v0x55fee2eed760_0, 0, 1;
    %jmp T_2.39;
T_2.24 ;
    %load/vec4 v0x55fee2ee93d0_0;
    %load/vec4 v0x55fee2eed400_0;
    %add;
    %store/vec4 v0x55fee2ee94b0_0, 0, 32;
    %load/vec4 v0x55fee2ee94b0_0;
    %store/vec4 v0x55fee2eec6a0_0, 0, 32;
    %pushi/vec4 1, 0, 4;
    %load/vec4 v0x55fee2ee94b0_0;
    %parti/s 2, 0, 2;
    %ix/vec4 4;
    %shiftl 4;
    %store/vec4 v0x55fee2eed680_0, 0, 4;
    %jmp T_2.39;
T_2.25 ;
    %load/vec4 v0x55fee2ee93d0_0;
    %load/vec4 v0x55fee2eed400_0;
    %add;
    %store/vec4 v0x55fee2ee94b0_0, 0, 32;
    %load/vec4 v0x55fee2ee94b0_0;
    %parti/s 31, 1, 2;
    %concati/vec4 0, 0, 1;
    %store/vec4 v0x55fee2eec6a0_0, 0, 32;
    %pushi/vec4 3, 0, 4;
    %load/vec4 v0x55fee2ee94b0_0;
    %parti/s 1, 1, 2;
    %concati/vec4 0, 0, 1;
    %ix/vec4 4;
    %shiftl 4;
    %store/vec4 v0x55fee2eed680_0, 0, 4;
    %jmp T_2.39;
T_2.26 ;
    %load/vec4 v0x55fee2ee93d0_0;
    %load/vec4 v0x55fee2eed400_0;
    %add;
    %store/vec4 v0x55fee2ee94b0_0, 0, 32;
    %load/vec4 v0x55fee2ee94b0_0;
    %parti/s 30, 2, 3;
    %concati/vec4 0, 0, 2;
    %store/vec4 v0x55fee2eec6a0_0, 0, 32;
    %pushi/vec4 15, 0, 4;
    %store/vec4 v0x55fee2eed680_0, 0, 4;
    %jmp T_2.39;
T_2.27 ;
    %load/vec4 v0x55fee2ee93d0_0;
    %load/vec4 v0x55fee2ee9590_0;
    %cmp/e;
    %jmp/0xz  T_2.64, 4;
    %load/vec4 v0x55fee2eeca20_0;
    %load/vec4 v0x55fee2ee9670_0;
    %add;
    %store/vec4 v0x55fee2eec860_0, 0, 32;
T_2.64 ;
    %jmp T_2.39;
T_2.28 ;
    %load/vec4 v0x55fee2ee93d0_0;
    %load/vec4 v0x55fee2ee9590_0;
    %cmp/ne;
    %jmp/0xz  T_2.66, 4;
    %load/vec4 v0x55fee2eeca20_0;
    %load/vec4 v0x55fee2ee9670_0;
    %add;
    %store/vec4 v0x55fee2eec860_0, 0, 32;
T_2.66 ;
    %jmp T_2.39;
T_2.29 ;
    %load/vec4 v0x55fee2ee93d0_0;
    %load/vec4 v0x55fee2ee9590_0;
    %cmp/s;
    %jmp/0xz  T_2.68, 5;
    %load/vec4 v0x55fee2eeca20_0;
    %load/vec4 v0x55fee2ee9670_0;
    %add;
    %store/vec4 v0x55fee2eec860_0, 0, 32;
T_2.68 ;
    %jmp T_2.39;
T_2.30 ;
    %load/vec4 v0x55fee2ee9590_0;
    %load/vec4 v0x55fee2ee93d0_0;
    %cmp/s;
    %flag_or 5, 4;
    %jmp/0xz  T_2.70, 5;
    %load/vec4 v0x55fee2eeca20_0;
    %load/vec4 v0x55fee2ee9670_0;
    %add;
    %store/vec4 v0x55fee2eec860_0, 0, 32;
T_2.70 ;
    %jmp T_2.39;
T_2.31 ;
    %pushi/vec4 0, 0, 1;
    %load/vec4 v0x55fee2ee93d0_0;
    %concat/vec4; draw_concat_vec4
    %pushi/vec4 0, 0, 1;
    %load/vec4 v0x55fee2ee9590_0;
    %concat/vec4; draw_concat_vec4
    %cmp/u;
    %jmp/0xz  T_2.72, 5;
    %load/vec4 v0x55fee2eeca20_0;
    %load/vec4 v0x55fee2ee9670_0;
    %add;
    %store/vec4 v0x55fee2eec860_0, 0, 32;
T_2.72 ;
    %jmp T_2.39;
T_2.32 ;
    %pushi/vec4 0, 0, 1;
    %load/vec4 v0x55fee2ee9590_0;
    %concat/vec4; draw_concat_vec4
    %pushi/vec4 0, 0, 1;
    %load/vec4 v0x55fee2ee93d0_0;
    %concat/vec4; draw_concat_vec4
    %cmp/u;
    %flag_or 5, 4;
    %jmp/0xz  T_2.74, 5;
    %load/vec4 v0x55fee2eeca20_0;
    %load/vec4 v0x55fee2ee9670_0;
    %add;
    %store/vec4 v0x55fee2eec860_0, 0, 32;
T_2.74 ;
    %jmp T_2.39;
T_2.33 ;
    %load/vec4 v0x55fee2eeca20_0;
    %load/vec4 v0x55fee2eed4e0_0;
    %add;
    %store/vec4 v0x55fee2ee94b0_0, 0, 32;
    %pushi/vec4 1, 0, 1;
    %store/vec4 v0x55fee2eed760_0, 0, 1;
    %jmp T_2.39;
T_2.34 ;
    %load/vec4 v0x55fee2eed4e0_0;
    %store/vec4 v0x55fee2ee94b0_0, 0, 32;
    %pushi/vec4 1, 0, 1;
    %store/vec4 v0x55fee2eed760_0, 0, 1;
    %jmp T_2.39;
T_2.35 ;
    %load/vec4 v0x55fee2eecb00_0;
    %store/vec4 v0x55fee2ee94b0_0, 0, 32;
    %pushi/vec4 1, 0, 1;
    %store/vec4 v0x55fee2eed760_0, 0, 1;
    %load/vec4 v0x55fee2eeca20_0;
    %load/vec4 v0x55fee2eec5c0_0;
    %add;
    %store/vec4 v0x55fee2eec860_0, 0, 32;
    %jmp T_2.39;
T_2.36 ;
    %load/vec4 v0x55fee2eecb00_0;
    %store/vec4 v0x55fee2ee94b0_0, 0, 32;
    %pushi/vec4 1, 0, 1;
    %store/vec4 v0x55fee2eed760_0, 0, 1;
    %load/vec4 v0x55fee2ee93d0_0;
    %load/vec4 v0x55fee2eed320_0;
    %add;
    %pushi/vec4 4294967294, 0, 32;
    %and;
    %store/vec4 v0x55fee2eec860_0, 0, 32;
    %jmp T_2.39;
T_2.37 ;
    %pushi/vec4 0, 0, 20;
    %load/vec4 v0x55fee2eec280_0;
    %concat/vec4; draw_concat_vec4
    %store/vec4 v0x55fee2eec6a0_0, 0, 32;
    %load/vec4 v0x55fee2eecbe0_0;
    %pad/u 32;
    %cmpi/ne 0, 0, 32;
    %jmp/0xz  T_2.76, 4;
    %pushi/vec4 0, 0, 1;
    %store/vec4 v0x55fee2eec440_0, 0, 1;
    %load/vec4 v0x55fee2ee98d0_0;
    %store/vec4 v0x55fee2eec780_0, 0, 32;
    %pushi/vec4 1, 0, 1;
    %store/vec4 v0x55fee2eed760_0, 0, 1;
T_2.76 ;
    %load/vec4 v0x55fee2eecf00_0;
    %pad/u 32;
    %cmpi/ne 0, 0, 32;
    %jmp/0xz  T_2.78, 4;
    %pushi/vec4 0, 0, 1;
    %store/vec4 v0x55fee2eec500_0, 0, 1;
    %load/vec4 v0x55fee2ee93d0_0;
    %store/vec4 v0x55fee2ee99b0_0, 0, 32;
T_2.78 ;
    %jmp T_2.39;
T_2.39 ;
    %pop/vec4 1;
    %jmp T_2;
    .thread T_2, $push;
# The file index is used to find the file name in the following table.
:file_names 3;
    "N/A";
    "<interactive>";
    "riscv_rv32i_cpu.v";
