#! /usr/bin/vvp
:ivl_version "10.3 (stable)";
:ivl_delay_selection "TYPICAL";
:vpi_time_precision + 0;
:vpi_module "system";
:vpi_module "vhdl_sys";
:vpi_module "v2005_math";
:vpi_module "va_math";
S_0x5633bb219100 .scope module, "oneto8demux" "oneto8demux" 2 1;
 .timescale 0 0;
    .port_info 0 /INPUT 1 "a"
    .port_info 1 /INPUT 3 "select"
    .port_info 2 /OUTPUT 8 "out"
o0x7f13fc6e9018 .functor BUFZ 1, C4<z>; HiZ drive
v0x5633bb2192f0_0 .net "a", 0 0, o0x7f13fc6e9018;  0 drivers
v0x5633bb25e4e0_0 .var "out", 7 0;
o0x7f13fc6e9078 .functor BUFZ 3, C4<zzz>; HiZ drive
v0x5633bb25e5c0_0 .net "select", 2 0, o0x7f13fc6e9078;  0 drivers
E_0x5633bb24e5f0 .event edge, v0x5633bb25e5c0_0, v0x5633bb2192f0_0;
    .scope S_0x5633bb219100;
T_0 ;
    %wait E_0x5633bb24e5f0;
    %load/vec4 v0x5633bb25e5c0_0;
    %dup/vec4;
    %pushi/vec4 0, 0, 3;
    %cmp/u;
    %jmp/1 T_0.0, 6;
    %dup/vec4;
    %pushi/vec4 1, 0, 3;
    %cmp/u;
    %jmp/1 T_0.1, 6;
    %dup/vec4;
    %pushi/vec4 2, 0, 3;
    %cmp/u;
    %jmp/1 T_0.2, 6;
    %dup/vec4;
    %pushi/vec4 3, 0, 3;
    %cmp/u;
    %jmp/1 T_0.3, 6;
    %dup/vec4;
    %pushi/vec4 4, 0, 3;
    %cmp/u;
    %jmp/1 T_0.4, 6;
    %dup/vec4;
    %pushi/vec4 5, 0, 3;
    %cmp/u;
    %jmp/1 T_0.5, 6;
    %dup/vec4;
    %pushi/vec4 6, 0, 3;
    %cmp/u;
    %jmp/1 T_0.6, 6;
    %dup/vec4;
    %pushi/vec4 7, 0, 3;
    %cmp/u;
    %jmp/1 T_0.7, 6;
    %pushi/vec4 1, 1, 8;
    %store/vec4 v0x5633bb25e4e0_0, 0, 8;
    %jmp T_0.9;
T_0.0 ;
    %load/vec4 v0x5633bb2192f0_0;
    %ix/load 4, 0, 0;
    %flag_set/imm 4, 0;
    %store/vec4 v0x5633bb25e4e0_0, 4, 1;
    %jmp T_0.9;
T_0.1 ;
    %load/vec4 v0x5633bb2192f0_0;
    %ix/load 4, 1, 0;
    %flag_set/imm 4, 0;
    %store/vec4 v0x5633bb25e4e0_0, 4, 1;
    %jmp T_0.9;
T_0.2 ;
    %load/vec4 v0x5633bb2192f0_0;
    %ix/load 4, 2, 0;
    %flag_set/imm 4, 0;
    %store/vec4 v0x5633bb25e4e0_0, 4, 1;
    %jmp T_0.9;
T_0.3 ;
    %load/vec4 v0x5633bb2192f0_0;
    %ix/load 4, 3, 0;
    %flag_set/imm 4, 0;
    %store/vec4 v0x5633bb25e4e0_0, 4, 1;
    %jmp T_0.9;
T_0.4 ;
    %load/vec4 v0x5633bb2192f0_0;
    %ix/load 4, 4, 0;
    %flag_set/imm 4, 0;
    %store/vec4 v0x5633bb25e4e0_0, 4, 1;
    %jmp T_0.9;
T_0.5 ;
    %load/vec4 v0x5633bb2192f0_0;
    %ix/load 4, 5, 0;
    %flag_set/imm 4, 0;
    %store/vec4 v0x5633bb25e4e0_0, 4, 1;
    %jmp T_0.9;
T_0.6 ;
    %load/vec4 v0x5633bb2192f0_0;
    %ix/load 4, 6, 0;
    %flag_set/imm 4, 0;
    %store/vec4 v0x5633bb25e4e0_0, 4, 1;
    %jmp T_0.9;
T_0.7 ;
    %load/vec4 v0x5633bb2192f0_0;
    %ix/load 4, 7, 0;
    %flag_set/imm 4, 0;
    %store/vec4 v0x5633bb25e4e0_0, 4, 1;
    %jmp T_0.9;
T_0.9 ;
    %pop/vec4 1;
    %jmp T_0;
    .thread T_0, $push;
# The file index is used to find the file name in the following table.
:file_names 3;
    "N/A";
    "<interactive>";
    "oneto8demux.v";
