#! /usr/bin/vvp
:ivl_version "10.3 (stable)";
:ivl_delay_selection "TYPICAL";
:vpi_time_precision + 0;
:vpi_module "system";
:vpi_module "vhdl_sys";
:vpi_module "v2005_math";
:vpi_module "va_math";
S_0x5622ea103030 .scope module, "fulladder" "fulladder" 2 11;
 .timescale 0 0;
    .port_info 0 /INPUT 1 "a"
    .port_info 1 /INPUT 1 "b"
    .port_info 2 /INPUT 1 "cin"
    .port_info 3 /OUTPUT 1 "sum"
    .port_info 4 /OUTPUT 1 "carry"
L_0x5622ea14ac70 .functor OR 1, L_0x5622ea14ab90, L_0x5622ea14a9b0, C4<0>, C4<0>;
o0x7f1ae04d0048 .functor BUFZ 1, C4<z>; HiZ drive
v0x5622ea14a1d0_0 .net "a", 0 0, o0x7f1ae04d0048;  0 drivers
o0x7f1ae04d0078 .functor BUFZ 1, C4<z>; HiZ drive
v0x5622ea14a290_0 .net "b", 0 0, o0x7f1ae04d0078;  0 drivers
v0x5622ea14a360_0 .net "c1", 0 0, L_0x5622ea14a9b0;  1 drivers
v0x5622ea14a460_0 .net "c2", 0 0, L_0x5622ea14ab90;  1 drivers
v0x5622ea14a530_0 .net "carry", 0 0, L_0x5622ea14ac70;  1 drivers
o0x7f1ae04d01c8 .functor BUFZ 1, C4<z>; HiZ drive
v0x5622ea14a620_0 .net "cin", 0 0, o0x7f1ae04d01c8;  0 drivers
v0x5622ea14a6c0_0 .net "s1", 0 0, L_0x5622ea14a880;  1 drivers
v0x5622ea14a7b0_0 .net "sum", 0 0, L_0x5622ea14aa90;  1 drivers
S_0x5622ea103230 .scope module, "H1" "halfadder" 2 16, 2 1 0, S_0x5622ea103030;
 .timescale 0 0;
    .port_info 0 /INPUT 1 "p"
    .port_info 1 /INPUT 1 "q"
    .port_info 2 /OUTPUT 1 "s"
    .port_info 3 /OUTPUT 1 "c"
L_0x5622ea14a880 .functor XOR 1, o0x7f1ae04d0048, o0x7f1ae04d0078, C4<0>, C4<0>;
L_0x5622ea14a9b0 .functor AND 1, o0x7f1ae04d0048, o0x7f1ae04d0078, C4<1>, C4<1>;
v0x5622ea138c80_0 .net "c", 0 0, L_0x5622ea14a9b0;  alias, 1 drivers
v0x5622ea149920_0 .net "p", 0 0, o0x7f1ae04d0048;  alias, 0 drivers
v0x5622ea1499e0_0 .net "q", 0 0, o0x7f1ae04d0078;  alias, 0 drivers
v0x5622ea149a80_0 .net "s", 0 0, L_0x5622ea14a880;  alias, 1 drivers
S_0x5622ea149bc0 .scope module, "H2" "halfadder" 2 17, 2 1 0, S_0x5622ea103030;
 .timescale 0 0;
    .port_info 0 /INPUT 1 "p"
    .port_info 1 /INPUT 1 "q"
    .port_info 2 /OUTPUT 1 "s"
    .port_info 3 /OUTPUT 1 "c"
L_0x5622ea14aa90 .functor XOR 1, L_0x5622ea14a880, o0x7f1ae04d01c8, C4<0>, C4<0>;
L_0x5622ea14ab90 .functor AND 1, L_0x5622ea14a880, o0x7f1ae04d01c8, C4<1>, C4<1>;
v0x5622ea149e20_0 .net "c", 0 0, L_0x5622ea14ab90;  alias, 1 drivers
v0x5622ea149ee0_0 .net "p", 0 0, L_0x5622ea14a880;  alias, 1 drivers
v0x5622ea149fd0_0 .net "q", 0 0, o0x7f1ae04d01c8;  alias, 0 drivers
v0x5622ea14a0a0_0 .net "s", 0 0, L_0x5622ea14aa90;  alias, 1 drivers
# The file index is used to find the file name in the following table.
:file_names 3;
    "N/A";
    "<interactive>";
    "fulladder.v";
